1000000000 9716 9856 9211 8634 9249 9743 7407 8545 8115 7534 8837 4573 9017 6912 4364 5814 8363 4714 2639 7936 7255 7300 6212 3789 1760 4398 -1476 866 5389 -4495 -2031 -4181 2826 4734 5164 3158 -295 -4848 1684 279 6930 5734 2177 -2775 4650 -442 4299 5194 533 3604 -696 46 1007 3109 -6484 -9977 -3935 -1829 557 -7280 -7894 -5975 -8556 -5690 -6684 -7978 564 -8368 -869 -3302 -8904 -5584 -6774 -576 -9883 -7180 -6330 -5673 -7568 -199 -3122 -1955 73 -1409 -2129 407 -520 -9771 -4555 -6170 -8262 -1513 -9286 -4028 3360 -3174 -169 -7228 -2188 
9856 9716 9743 9211 8634 9249 9017 7407 8545 8115 7534 8837 4573 866 6912 4364 5814 8363 4714 2639 7936 7255 7300 6212 3789 1760 4398 -1476 -1829 5389 -4495 -2031 -4181 2826 4734 5164 3158 -295 -4848 1684 279 6930 5734 2177 -2775 4650 -442 4299 5194 533 3604 -696 46 1007 3109 -6484 -9977 -3935 -2188 557 -7280 -7894 -5975 -8556 -5690 -6684 -7978 564 -8368 -869 -3302 -8904 -5584 -6774 -576 -9883 -7180 -6330 -5673 -7568 -199 -3122 -1955 73 -1409 -2129 407 -520 -9771 -4555 -6170 -8262 -1513 -9286 -4028 3360 -3174 -169 -7228 
9743 9716 9249 9211 8634 8837 9017 7407 8545 8115 7534 6212 4573 866 6912 4364 5814 8363 4714 2639 7936 7255 7300 5194 3789 1760 4398 -1476 -1829 5389 -4495 -2031 -4181 2826 4734 5164 3158 -295 -4848 1684 279 6930 5734 2177 -2775 4650 -442 4299 -169 533 3604 -696 46 1007 3109 -6484 -9977 -3935 -2188 557 -7280 -7894 -5975 -8556 -5690 -6684 -7978 564 -8368 -869 -3302 -8904 -5584 -6774 -576 -9883 -7180 -6330 -5673 -7568 -199 -3122 -1955 73 -1409 -2129 407 -520 -9771 -4555 -6170 -8262 -1513 -9286 -4028 3360 -3174 -7228 
9716 9211 9249 8545 8634 8837 9017 7407 8363 8115 7534 6212 4573 866 6912 4364 5814 5164 4714 2639 7936 7255 7300 5194 3789 1760 4398 -1476 -1829 5389 -4495 -2031 -4181 2826 4734 -5584 3158 -295 -4848 1684 279 6930 5734 2177 -2775 4650 -442 4299 -169 533 3604 -696 46 1007 3109 -6484 -9977 -3935 -2188 557 -7280 -7894 -5975 -8556 -5690 -6684 -7978 564 -8368 -869 -3302 -8904 -7228 -6774 -576 -9883 -7180 -6330 -5673 -7568 -199 -3122 -1955 73 -1409 -2129 407 -520 -9771 -4555 -6170 -8262 -1513 -9286 -4028 3360 -3174 
9249 9211 9017 8545 8634 8837 6912 7407 8363 8115 7534 6212 4573 866 5389 4364 5814 5164 4714 2639 7936 7255 7300 5194 3789 1760 4398 -1476 -1829 557 -4495 -2031 -4181 2826 4734 -5584 3158 -295 -4848 1684 279 6930 5734 2177 -2775 4650 -442 4299 -169 533 3604 -696 46 1007 3109 -6484 -9977 -3935 -2188 -3174 -7280 -7894 -5975 -8556 -5690 -6684 -7978 564 -8368 -869 -3302 -8904 -7228 -6774 -576 -9883 -7180 -6330 -5673 -7568 -199 -3122 -1955 73 -1409 -2129 407 -520 -9771 -4555 -6170 -8262 -1513 -9286 -4028 3360 
9211 8634 9017 8545 8115 8837 6912 7407 8363 7936 7534 6212 4573 866 5389 4364 5814 5164 4714 2639 6930 7255 7300 5194 3789 1760 4398 -1476 -1829 557 -4495 -2031 -4181 2826 4734 -5584 3158 -295 -4848 1684 279 3360 5734 2177 -2775 4650 -442 4299 -169 533 3604 -696 46 1007 3109 -6484 -9977 -3935 -2188 -3174 -7280 -7894 -5975 -8556 -5690 -6684 -7978 564 -8368 -869 -3302 -8904 -7228 -6774 -576 -9883 -7180 -6330 -5673 -7568 -199 -3122 -1955 73 -1409 -2129 407 -520 -9771 -4555 -6170 -8262 -1513 -9286 -4028 
9017 8634 8837 8545 8115 6212 6912 7407 8363 7936 7534 5194 4573 866 5389 4364 5814 5164 4714 2639 6930 7255 7300 4299 3789 1760 4398 -1476 -1829 557 -4495 -2031 -4181 2826 4734 -5584 3158 -295 -4848 1684 279 3360 5734 2177 -2775 4650 -442 -4028 -169 533 3604 -696 46 1007 3109 -6484 -9977 -3935 -2188 -3174 -7280 -7894 -5975 -8556 -5690 -6684 -7978 564 -8368 -869 -3302 -8904 -7228 -6774 -576 -9883 -7180 -6330 -5673 -7568 -199 -3122 -1955 73 -1409 -2129 407 -520 -9771 -4555 -6170 -8262 -1513 -9286 
8837 8634 6912 8545 8115 6212 5389 7407 8363 7936 7534 5194 4573 866 557 4364 5814 5164 4714 2639 6930 7255 7300 4299 3789 1760 4398 -1476 -1829 -3174 -4495 -2031 -4181 2826 4734 -5584 3158 -295 -4848 1684 279 3360 5734 2177 -2775 4650 -442 -4028 -169 533 3604 -696 46 1007 3109 -6484 -9977 -3935 -2188 -9286 -7280 -7894 -5975 -8556 -5690 -6684 -7978 564 -8368 -869 -3302 -8904 -7228 -6774 -576 -9883 -7180 -6330 -5673 -7568 -199 -3122 -1955 73 -1409 -2129 407 -520 -9771 -4555 -6170 -8262 -1513 
8634 8545 6912 8363 8115 6212 5389 7407 5164 7936 7534 5194 4573 866 557 4364 5814 3158 4714 2639 6930 7255 7300 4299 3789 1760 4398 -1476 -1829 -3174 -4495 -2031 -4181 2826 4734 -5584 -576 -295 -4848 1684 279 3360 5734 2177 -2775 4650 -442 -4028 -169 533 3604 -696 46 1007 3109 -6484 -9977 -3935 -2188 -9286 -7280 -7894 -5975 -8556 -5690 -6684 -7978 564 -8368 -869 -3302 -8904 -7228 -6774 -1513 -9883 -7180 -6330 -5673 -7568 -199 -3122 -1955 73 -1409 -2129 407 -520 -9771 -4555 -6170 -8262 
8545 8363 6912 7407 8115 6212 5389 5814 5164 7936 7534 5194 4573 866 557 4364 4734 3158 4714 2639 6930 7255 7300 4299 3789 1760 4398 -1476 -1829 -3174 -4495 -2031 -4181 2826 -869 -5584 -576 -295 -4848 1684 279 3360 5734 2177 -2775 4650 -442 -4028 -169 533 3604 -696 46 1007 3109 -6484 -9977 -3935 -2188 -9286 -7280 -7894 -5975 -8556 -5690 -6684 -7978 564 -8368 -8262 -3302 -8904 -7228 -6774 -1513 -9883 -7180 -6330 -5673 -7568 -199 -3122 -1955 73 -1409 -2129 407 -520 -9771 -4555 -6170 
8363 8115 6912 7407 7936 6212 5389 5814 5164 6930 7534 5194 4573 866 557 4364 4734 3158 4714 2639 5734 7255 7300 4299 3789 1760 4398 -1476 -1829 -3174 -4495 -2031 -4181 2826 -869 -5584 -576 -295 -4848 1684 279 3360 407 2177 -2775 4650 -442 -4028 -169 533 3604 -696 46 1007 3109 -6484 -9977 -3935 -2188 -9286 -7280 -7894 -5975 -8556 -5690 -6684 -7978 564 -8368 -8262 -3302 -8904 -7228 -6774 -1513 -9883 -7180 -6330 -5673 -7568 -199 -3122 -1955 73 -1409 -2129 -6170 -520 -9771 -4555 
8115 7936 6912 7407 7534 6212 5389 5814 5164 6930 7300 5194 4573 866 557 4364 4734 3158 4714 2639 5734 7255 4650 4299 3789 1760 4398 -1476 -1829 -3174 -4495 -2031 -4181 2826 -869 -5584 -576 -295 -4848 1684 279 3360 407 2177 -2775 -4555 -442 -4028 -169 533 3604 -696 46 1007 3109 -6484 -9977 -3935 -2188 -9286 -7280 -7894 -5975 -8556 -5690 -6684 -7978 564 -8368 -8262 -3302 -8904 -7228 -6774 -1513 -9883 -7180 -6330 -5673 -7568 -199 -3122 -1955 73 -1409 -2129 -6170 -520 -9771 
7936 7534 6912 7407 7300 6212 5389 5814 5164 6930 7255 5194 4573 866 557 4364 4734 3158 4714 2639 5734 2177 4650 4299 3789 1760 4398 -1476 -1829 -3174 -4495 -2031 -4181 2826 -869 -5584 -576 -295 -4848 1684 279 3360 407 -520 -2775 -4555 -442 -4028 -169 533 3604 -696 46 1007 3109 -6484 -9977 -3935 -2188 -9286 -7280 -7894 -5975 -8556 -5690 -6684 -7978 564 -8368 -8262 -3302 -8904 -7228 -6774 -1513 -9883 -7180 -6330 -5673 -7568 -199 -3122 -1955 73 -1409 -2129 -6170 -9771 
7534 7407 6912 5814 7300 6212 5389 4734 5164 6930 7255 5194 4573 866 557 4364 2826 3158 4714 2639 5734 2177 4650 4299 3789 1760 4398 -1476 -1829 -3174 -4495 -2031 -4181 564 -869 -5584 -576 -295 -4848 1684 279 3360 407 -520 -2775 -4555 -442 -4028 -169 533 3604 -696 46 1007 3109 -6484 -9977 -3935 -2188 -9286 -7280 -7894 -5975 -8556 -5690 -6684 -7978 -9771 -8368 -8262 -3302 -8904 -7228 -6774 -1513 -9883 -7180 -6330 -5673 -7568 -199 -3122 -1955 73 -1409 -2129 -6170 
7407 7300 6912 5814 7255 6212 5389 4734 5164 6930 4650 5194 4573 866 557 4364 2826 3158 4714 2639 5734 2177 -442 4299 3789 1760 4398 -1476 -1829 -3174 -4495 -2031 -4181 564 -869 -5584 -576 -295 -4848 1684 279 3360 407 -520 -2775 -4555 -6170 -4028 -169 533 3604 -696 46 1007 3109 -6484 -9977 -3935 -2188 -9286 -7280 -7894 -5975 -8556 -5690 -6684 -7978 -9771 -8368 -8262 -3302 -8904 -7228 -6774 -1513 -9883 -7180 -6330 -5673 -7568 -199 -3122 -1955 73 -1409 -2129 
7300 7255 6912 5814 6930 6212 5389 4734 5164 5734 4650 5194 4573 866 557 4364 2826 3158 4714 2639 3360 2177 -442 4299 3789 1760 4398 -1476 -1829 -3174 -4495 -2031 -4181 564 -869 -5584 -576 -295 -4848 1684 279 73 407 -520 -2775 -4555 -6170 -4028 -169 533 3604 -696 46 1007 3109 -6484 -9977 -3935 -2188 -9286 -7280 -7894 -5975 -8556 -5690 -6684 -7978 -9771 -8368 -8262 -3302 -8904 -7228 -6774 -1513 -9883 -7180 -6330 -5673 -7568 -199 -3122 -1955 -2129 -1409 
7255 6930 6912 5814 5734 6212 5389 4734 5164 3360 4650 5194 4573 866 557 4364 2826 3158 4714 2639 407 2177 -442 4299 3789 1760 4398 -1476 -1829 -3174 -4495 -2031 -4181 564 -869 -5584 -576 -295 -4848 1684 279 73 -1409 -520 -2775 -4555 -6170 -4028 -169 533 3604 -696 46 1007 3109 -6484 -9977 -3935 -2188 -9286 -7280 -7894 -5975 -8556 -5690 -6684 -7978 -9771 -8368 -8262 -3302 -8904 -7228 -6774 -1513 -9883 -7180 -6330 -5673 -7568 -199 -3122 -1955 -2129 
6930 5814 6912 5164 5734 6212 5389 4734 4714 3360 4650 5194 4573 866 557 4364 2826 3158 -295 2639 407 2177 -442 4299 3789 1760 4398 -1476 -1829 -3174 -4495 -2031 -4181 564 -869 -5584 -576 -2129 -4848 1684 279 73 -1409 -520 -2775 -4555 -6170 -4028 -169 533 3604 -696 46 1007 3109 -6484 -9977 -3935 -2188 -9286 -7280 -7894 -5975 -8556 -5690 -6684 -7978 -9771 -8368 -8262 -3302 -8904 -7228 -6774 -1513 -9883 -7180 -6330 -5673 -7568 -199 -3122 -1955 
6912 5814 6212 5164 5734 5194 5389 4734 4714 3360 4650 4299 4573 866 557 4364 2826 3158 -295 2639 407 2177 -442 -169 3789 1760 4398 -1476 -1829 -3174 -4495 -2031 -4181 564 -869 -5584 -576 -2129 -4848 1684 279 73 -1409 -520 -2775 -4555 -6170 -4028 -1955 533 3604 -696 46 1007 3109 -6484 -9977 -3935 -2188 -9286 -7280 -7894 -5975 -8556 -5690 -6684 -7978 -9771 -8368 -8262 -3302 -8904 -7228 -6774 -1513 -9883 -7180 -6330 -5673 -7568 -199 -3122 
6212 5814 5389 5164 5734 5194 866 4734 4714 3360 4650 4299 4573 -1476 557 4364 2826 3158 -295 2639 407 2177 -442 -169 3789 1760 4398 -3122 -1829 -3174 -4495 -2031 -4181 564 -869 -5584 -576 -2129 -4848 1684 279 73 -1409 -520 -2775 -4555 -6170 -4028 -1955 533 3604 -696 46 1007 3109 -6484 -9977 -3935 -2188 -9286 -7280 -7894 -5975 -8556 -5690 -6684 -7978 -9771 -8368 -8262 -3302 -8904 -7228 -6774 -1513 -9883 -7180 -6330 -5673 -7568 -199 
5814 5734 5389 5164 4650 5194 866 4734 4714 3360 2177 4299 4573 -1476 557 4364 2826 3158 -295 2639 407 -199 -442 -169 3789 1760 4398 -3122 -1829 -3174 -4495 -2031 -4181 564 -869 -5584 -576 -2129 -4848 1684 279 73 -1409 -520 -2775 -4555 -6170 -4028 -1955 533 3604 -696 46 1007 3109 -6484 -9977 -3935 -2188 -9286 -7280 -7894 -5975 -8556 -5690 -6684 -7978 -9771 -8368 -8262 -3302 -8904 -7228 -6774 -1513 -9883 -7180 -6330 -5673 -7568 
5734 5164 5389 4734 4650 5194 866 4364 4714 3360 2177 4299 4573 -1476 557 -2031 2826 3158 -295 2639 407 -199 -442 -169 3789 1760 4398 -3122 -1829 -3174 -4495 -5690 -4181 564 -869 -5584 -576 -2129 -4848 1684 279 73 -1409 -520 -2775 -4555 -6170 -4028 -1955 533 3604 -696 46 1007 3109 -6484 -9977 -3935 -2188 -9286 -7280 -7894 -5975 -8556 -7568 -6684 -7978 -9771 -8368 -8262 -3302 -8904 -7228 -6774 -1513 -9883 -7180 -6330 -5673 
5389 5164 5194 4734 4650 4573 866 4364 4714 3360 2177 4299 4398 -1476 557 -2031 2826 3158 -295 2639 407 -199 -442 -169 3789 1760 3109 -3122 -1829 -3174 -4495 -5690 -4181 564 -869 -5584 -576 -2129 -4848 1684 279 73 -1409 -520 -2775 -4555 -6170 -4028 -1955 533 3604 -696 46 1007 -5673 -6484 -9977 -3935 -2188 -9286 -7280 -7894 -5975 -8556 -7568 -6684 -7978 -9771 -8368 -8262 -3302 -8904 -7228 -6774 -1513 -9883 -7180 -6330 
5194 5164 4573 4734 4650 4398 866 4364 4714 3360 2177 4299 3109 -1476 557 -2031 2826 3158 -295 2639 407 -199 -442 -169 3789 1760 1007 -3122 -1829 -3174 -4495 -5690 -4181 564 -869 -5584 -576 -2129 -4848 1684 279 73 -1409 -520 -2775 -4555 -6170 -4028 -1955 533 3604 -696 46 -6330 -5673 -6484 -9977 -3935 -2188 -9286 -7280 -7894 -5975 -8556 -7568 -6684 -7978 -9771 -8368 -8262 -3302 -8904 -7228 -6774 -1513 -9883 -7180 
5164 4734 4573 4714 4650 4398 866 4364 3158 3360 2177 4299 3109 -1476 557 -2031 2826 -576 -295 2639 407 -199 -442 -169 3789 1760 1007 -3122 -1829 -3174 -4495 -5690 -4181 564 -869 -5584 -1513 -2129 -4848 1684 279 73 -1409 -520 -2775 -4555 -6170 -4028 -1955 533 3604 -696 46 -6330 -5673 -6484 -9977 -3935 -2188 -9286 -7280 -7894 -5975 -8556 -7568 -6684 -7978 -9771 -8368 -8262 -3302 -8904 -7228 -6774 -7180 -9883 
4734 4714 4573 4364 4650 4398 866 2826 3158 3360 2177 4299 3109 -1476 557 -2031 564 -576 -295 2639 407 -199 -442 -169 3789 1760 1007 -3122 -1829 -3174 -4495 -5690 -4181 -8368 -869 -5584 -1513 -2129 -4848 1684 279 73 -1409 -520 -2775 -4555 -6170 -4028 -1955 533 3604 -696 46 -6330 -5673 -6484 -9977 -3935 -2188 -9286 -7280 -7894 -5975 -8556 -7568 -6684 -7978 -9771 -9883 -8262 -3302 -8904 -7228 -6774 -7180 
4714 4650 4573 4364 3360 4398 866 2826 3158 2639 2177 4299 3109 -1476 557 -2031 564 -576 -295 1684 407 -199 -442 -169 3789 1760 1007 -3122 -1829 -3174 -4495 -5690 -4181 -8368 -869 -5584 -1513 -2129 -4848 -7180 279 73 -1409 -520 -2775 -4555 -6170 -4028 -1955 533 3604 -696 46 -6330 -5673 -6484 -9977 -3935 -2188 -9286 -7280 -7894 -5975 -8556 -7568 -6684 -7978 -9771 -9883 -8262 -3302 -8904 -7228 -6774 
4650 4364 4573 3158 3360 4398 866 2826 -295 2639 2177 4299 3109 -1476 557 -2031 564 -576 -2129 1684 407 -199 -442 -169 3789 1760 1007 -3122 -1829 -3174 -4495 -5690 -4181 -8368 -869 -5584 -1513 -6774 -4848 -7180 279 73 -1409 -520 -2775 -4555 -6170 -4028 -1955 533 3604 -696 46 -6330 -5673 -6484 -9977 -3935 -2188 -9286 -7280 -7894 -5975 -8556 -7568 -6684 -7978 -9771 -9883 -8262 -3302 -8904 -7228 
4573 4364 4398 3158 3360 4299 866 2826 -295 2639 2177 3789 3109 -1476 557 -2031 564 -576 -2129 1684 407 -199 -442 -169 3604 1760 1007 -3122 -1829 -3174 -4495 -5690 -4181 -8368 -869 -5584 -1513 -6774 -4848 -7180 279 73 -1409 -520 -2775 -4555 -6170 -4028 -1955 533 -7228 -696 46 -6330 -5673 -6484 -9977 -3935 -2188 -9286 -7280 -7894 -5975 -8556 -7568 -6684 -7978 -9771 -9883 -8262 -3302 -8904 
4398 4364 4299 3158 3360 3789 866 2826 -295 2639 2177 3604 3109 -1476 557 -2031 564 -576 -2129 1684 407 -199 -442 -169 533 1760 1007 -3122 -1829 -3174 -4495 -5690 -4181 -8368 -869 -5584 -1513 -6774 -4848 -7180 279 73 -1409 -520 -2775 -4555 -6170 -4028 -1955 -8904 -7228 -696 46 -6330 -5673 -6484 -9977 -3935 -2188 -9286 -7280 -7894 -5975 -8556 -7568 -6684 -7978 -9771 -9883 -8262 -3302 
4364 3360 4299 3158 2639 3789 866 2826 -295 1684 2177 3604 3109 -1476 557 -2031 564 -576 -2129 279 407 -199 -442 -169 533 1760 1007 -3122 -1829 -3174 -4495 -5690 -4181 -8368 -869 -5584 -1513 -6774 -4848 -7180 -3302 73 -1409 -520 -2775 -4555 -6170 -4028 -1955 -8904 -7228 -696 46 -6330 -5673 -6484 -9977 -3935 -2188 -9286 -7280 -7894 -5975 -8556 -7568 -6684 -7978 -9771 -9883 -8262 
4299 3360 3789 3158 2639 3604 866 2826 -295 1684 2177 533 3109 -1476 557 -2031 564 -576 -2129 279 407 -199 -442 -169 -7228 1760 1007 -3122 -1829 -3174 -4495 -5690 -4181 -8368 -869 -5584 -1513 -6774 -4848 -7180 -3302 73 -1409 -520 -2775 -4555 -6170 -4028 -1955 -8904 -8262 -696 46 -6330 -5673 -6484 -9977 -3935 -2188 -9286 -7280 -7894 -5975 -8556 -7568 -6684 -7978 -9771 -9883 
3789 3360 3604 3158 2639 3109 866 2826 -295 1684 2177 533 1760 -1476 557 -2031 564 -576 -2129 279 407 -199 -442 -169 -7228 46 1007 -3122 -1829 -3174 -4495 -5690 -4181 -8368 -869 -5584 -1513 -6774 -4848 -7180 -3302 73 -1409 -520 -2775 -4555 -6170 -4028 -1955 -8904 -8262 -696 -9883 -6330 -5673 -6484 -9977 -3935 -2188 -9286 -7280 -7894 -5975 -8556 -7568 -6684 -7978 -9771 
3604 3360 3109 3158 2639 1760 866 2826 -295 1684 2177 533 1007 -1476 557 -2031 564 -576 -2129 279 407 -199 -442 -169 -7228 46 -5673 -3122 -1829 -3174 -4495 -5690 -4181 -8368 -869 -5584 -1513 -6774 -4848 -7180 -3302 73 -1409 -520 -2775 -4555 -6170 -4028 -1955 -8904 -8262 -696 -9883 -6330 -9771 -6484 -9977 -3935 -2188 -9286 -7280 -7894 -5975 -8556 -7568 -6684 -7978 
3360 3158 3109 2826 2639 1760 866 564 -295 1684 2177 533 1007 -1476 557 -2031 -869 -576 -2129 279 407 -199 -442 -169 -7228 46 -5673 -3122 -1829 -3174 -4495 -5690 -4181 -8368 -7978 -5584 -1513 -6774 -4848 -7180 -3302 73 -1409 -520 -2775 -4555 -6170 -4028 -1955 -8904 -8262 -696 -9883 -6330 -9771 -6484 -9977 -3935 -2188 -9286 -7280 -7894 -5975 -8556 -7568 -6684 
3158 2826 3109 564 2639 1760 866 -869 -295 1684 2177 533 1007 -1476 557 -2031 -6684 -576 -2129 279 407 -199 -442 -169 -7228 46 -5673 -3122 -1829 -3174 -4495 -5690 -4181 -8368 -7978 -5584 -1513 -6774 -4848 -7180 -3302 73 -1409 -520 -2775 -4555 -6170 -4028 -1955 -8904 -8262 -696 -9883 -6330 -9771 -6484 -9977 -3935 -2188 -9286 -7280 -7894 -5975 -8556 -7568 
3109 2826 1760 564 2639 1007 866 -869 -295 1684 2177 533 46 -1476 557 -2031 -6684 -576 -2129 279 407 -199 -442 -169 -7228 -696 -5673 -3122 -1829 -3174 -4495 -5690 -4181 -8368 -7978 -5584 -1513 -6774 -4848 -7180 -3302 73 -1409 -520 -2775 -4555 -6170 -4028 -1955 -8904 -8262 -7568 -9883 -6330 -9771 -6484 -9977 -3935 -2188 -9286 -7280 -7894 -5975 -8556 
2826 2639 1760 564 2177 1007 866 -869 -295 1684 -199 533 46 -1476 557 -2031 -6684 -576 -2129 279 407 -520 -442 -169 -7228 -696 -5673 -3122 -1829 -3174 -4495 -5690 -4181 -8368 -7978 -5584 -1513 -6774 -4848 -7180 -3302 73 -1409 -8556 -2775 -4555 -6170 -4028 -1955 -8904 -8262 -7568 -9883 -6330 -9771 -6484 -9977 -3935 -2188 -9286 -7280 -7894 -5975 
2639 2177 1760 564 1684 1007 866 -869 -295 407 -199 533 46 -1476 557 -2031 -6684 -576 -2129 279 73 -520 -442 -169 -7228 -696 -5673 -3122 -1829 -3174 -4495 -5690 -4181 -8368 -7978 -5584 -1513 -6774 -4848 -7180 -3302 -5975 -1409 -8556 -2775 -4555 -6170 -4028 -1955 -8904 -8262 -7568 -9883 -6330 -9771 -6484 -9977 -3935 -2188 -9286 -7280 -7894 
2177 1684 1760 564 407 1007 866 -869 -295 279 -199 533 46 -1476 557 -2031 -6684 -576 -2129 -3302 73 -520 -442 -169 -7228 -696 -5673 -3122 -1829 -3174 -4495 -5690 -4181 -8368 -7978 -5584 -1513 -6774 -4848 -7180 -7894 -5975 -1409 -8556 -2775 -4555 -6170 -4028 -1955 -8904 -8262 -7568 -9883 -6330 -9771 -6484 -9977 -3935 -2188 -9286 -7280 
1760 1684 1007 564 407 533 866 -869 -295 279 -199 -169 46 -1476 557 -2031 -6684 -576 -2129 -3302 73 -520 -442 -1955 -7228 -696 -5673 -3122 -1829 -3174 -4495 -5690 -4181 -8368 -7978 -5584 -1513 -6774 -4848 -7180 -7894 -5975 -1409 -8556 -2775 -4555 -6170 -4028 -7280 -8904 -8262 -7568 -9883 -6330 -9771 -6484 -9977 -3935 -2188 -9286 
1684 564 1007 -295 407 533 866 -869 -576 279 -199 -169 46 -1476 557 -2031 -6684 -1513 -2129 -3302 73 -520 -442 -1955 -7228 -696 -5673 -3122 -1829 -3174 -4495 -5690 -4181 -8368 -7978 -5584 -9286 -6774 -4848 -7180 -7894 -5975 -1409 -8556 -2775 -4555 -6170 -4028 -7280 -8904 -8262 -7568 -9883 -6330 -9771 -6484 -9977 -3935 -2188 
1007 564 866 -295 407 533 557 -869 -576 279 -199 -169 46 -1476 -2188 -2031 -6684 -1513 -2129 -3302 73 -520 -442 -1955 -7228 -696 -5673 -3122 -1829 -3174 -4495 -5690 -4181 -8368 -7978 -5584 -9286 -6774 -4848 -7180 -7894 -5975 -1409 -8556 -2775 -4555 -6170 -4028 -7280 -8904 -8262 -7568 -9883 -6330 -9771 -6484 -9977 -3935 
866 564 557 -295 407 533 -1476 -869 -576 279 -199 -169 46 -1829 -2188 -2031 -6684 -1513 -2129 -3302 73 -520 -442 -1955 -7228 -696 -5673 -3122 -3935 -3174 -4495 -5690 -4181 -8368 -7978 -5584 -9286 -6774 -4848 -7180 -7894 -5975 -1409 -8556 -2775 -4555 -6170 -4028 -7280 -8904 -8262 -7568 -9883 -6330 -9771 -6484 -9977 
564 407 557 -295 279 533 -1476 -869 -576 73 -199 -169 46 -1829 -2188 -2031 -6684 -1513 -2129 -3302 -1409 -520 -442 -1955 -7228 -696 -5673 -3122 -3935 -3174 -4495 -5690 -4181 -8368 -7978 -5584 -9286 -6774 -4848 -7180 -7894 -5975 -9977 -8556 -2775 -4555 -6170 -4028 -7280 -8904 -8262 -7568 -9883 -6330 -9771 -6484 
557 407 533 -295 279 46 -1476 -869 -576 73 -199 -169 -696 -1829 -2188 -2031 -6684 -1513 -2129 -3302 -1409 -520 -442 -1955 -7228 -6484 -5673 -3122 -3935 -3174 -4495 -5690 -4181 -8368 -7978 -5584 -9286 -6774 -4848 -7180 -7894 -5975 -9977 -8556 -2775 -4555 -6170 -4028 -7280 -8904 -8262 -7568 -9883 -6330 -9771 
533 407 46 -295 279 -169 -1476 -869 -576 73 -199 -1955 -696 -1829 -2188 -2031 -6684 -1513 -2129 -3302 -1409 -520 -442 -4028 -7228 -6484 -5673 -3122 -3935 -3174 -4495 -5690 -4181 -8368 -7978 -5584 -9286 -6774 -4848 -7180 -7894 -5975 -9977 -8556 -2775 -4555 -6170 -9771 -7280 -8904 -8262 -7568 -9883 -6330 
407 279 46 -295 73 -169 -1476 -869 -576 -1409 -199 -1955 -696 -1829 -2188 -2031 -6684 -1513 -2129 -3302 -5975 -520 -442 -4028 -7228 -6484 -5673 -3122 -3935 -3174 -4495 -5690 -4181 -8368 -7978 -5584 -9286 -6774 -4848 -7180 -7894 -6330 -9977 -8556 -2775 -4555 -6170 -9771 -7280 -8904 -8262 -7568 -9883 
279 73 46 -295 -199 -169 -1476 -869 -576 -1409 -442 -1955 -696 -1829 -2188 -2031 -6684 -1513 -2129 -3302 -5975 -520 -4555 -4028 -7228 -6484 -5673 -3122 -3935 -3174 -4495 -5690 -4181 -8368 -7978 -5584 -9286 -6774 -4848 -7180 -7894 -6330 -9977 -8556 -2775 -9883 -6170 -9771 -7280 -8904 -8262 -7568 
73 -199 46 -295 -442 -169 -1476 -869 -576 -1409 -520 -1955 -696 -1829 -2188 -2031 -6684 -1513 -2129 -3302 -5975 -2775 -4555 -4028 -7228 -6484 -5673 -3122 -3935 -3174 -4495 -5690 -4181 -8368 -7978 -5584 -9286 -6774 -4848 -7180 -7894 -6330 -9977 -8556 -7568 -9883 -6170 -9771 -7280 -8904 -8262 
46 -199 -169 -295 -442 -696 -1476 -869 -576 -1409 -520 -1955 -5673 -1829 -2188 -2031 -6684 -1513 -2129 -3302 -5975 -2775 -4555 -4028 -7228 -6484 -8262 -3122 -3935 -3174 -4495 -5690 -4181 -8368 -7978 -5584 -9286 -6774 -4848 -7180 -7894 -6330 -9977 -8556 -7568 -9883 -6170 -9771 -7280 -8904 
-169 -199 -696 -295 -442 -1955 -1476 -869 -576 -1409 -520 -4028 -5673 -1829 -2188 -2031 -6684 -1513 -2129 -3302 -5975 -2775 -4555 -7280 -7228 -6484 -8262 -3122 -3935 -3174 -4495 -5690 -4181 -8368 -7978 -5584 -9286 -6774 -4848 -7180 -7894 -6330 -9977 -8556 -7568 -9883 -6170 -9771 -8904 
-199 -295 -696 -576 -442 -1955 -1476 -869 -1513 -1409 -520 -4028 -5673 -1829 -2188 -2031 -6684 -5584 -2129 -3302 -5975 -2775 -4555 -7280 -7228 -6484 -8262 -3122 -3935 -3174 -4495 -5690 -4181 -8368 -7978 -8904 -9286 -6774 -4848 -7180 -7894 -6330 -9977 -8556 -7568 -9883 -6170 -9771 
-295 -442 -696 -576 -520 -1955 -1476 -869 -1513 -1409 -2775 -4028 -5673 -1829 -2188 -2031 -6684 -5584 -2129 -3302 -5975 -7568 -4555 -7280 -7228 -6484 -8262 -3122 -3935 -3174 -4495 -5690 -4181 -8368 -7978 -8904 -9286 -6774 -4848 -7180 -7894 -6330 -9977 -8556 -9771 -9883 -6170 
-442 -520 -696 -576 -1409 -1955 -1476 -869 -1513 -3302 -2775 -4028 -5673 -1829 -2188 -2031 -6684 -5584 -2129 -6170 -5975 -7568 -4555 -7280 -7228 -6484 -8262 -3122 -3935 -3174 -4495 -5690 -4181 -8368 -7978 -8904 -9286 -6774 -4848 -7180 -7894 -6330 -9977 -8556 -9771 -9883 
-520 -576 -696 -869 -1409 -1955 -1476 -2031 -1513 -3302 -2775 -4028 -5673 -1829 -2188 -4181 -6684 -5584 -2129 -6170 -5975 -7568 -4555 -7280 -7228 -6484 -8262 -3122 -3935 -3174 -4495 -5690 -9883 -8368 -7978 -8904 -9286 -6774 -4848 -7180 -7894 -6330 -9977 -8556 -9771 
-576 -869 -696 -1513 -1409 -1955 -1476 -2031 -2129 -3302 -2775 -4028 -5673 -1829 -2188 -4181 -6684 -5584 -4848 -6170 -5975 -7568 -4555 -7280 -7228 -6484 -8262 -3122 -3935 -3174 -4495 -5690 -9883 -8368 -7978 -8904 -9286 -6774 -9771 -7180 -7894 -6330 -9977 -8556 
-696 -869 -1476 -1513 -1409 -1955 -1829 -2031 -2129 -3302 -2775 -4028 -5673 -3122 -2188 -4181 -6684 -5584 -4848 -6170 -5975 -7568 -4555 -7280 -7228 -6484 -8262 -8556 -3935 -3174 -4495 -5690 -9883 -8368 -7978 -8904 -9286 -6774 -9771 -7180 -7894 -6330 -9977 
-869 -1409 -1476 -1513 -2775 -1955 -1829 -2031 -2129 -3302 -4555 -4028 -5673 -3122 -2188 -4181 -6684 -5584 -4848 -6170 -5975 -7568 -9977 -7280 -7228 -6484 -8262 -8556 -3935 -3174 -4495 -5690 -9883 -8368 -7978 -8904 -9286 -6774 -9771 -7180 -7894 -6330 
-1409 -1513 -1476 -2031 -2775 -1955 -1829 -4181 -2129 -3302 -4555 -4028 -5673 -3122 -2188 -5690 -6684 -5584 -4848 -6170 -5975 -7568 -9977 -7280 -7228 -6484 -8262 -8556 -3935 -3174 -4495 -6330 -9883 -8368 -7978 -8904 -9286 -6774 -9771 -7180 -7894 
-1476 -1513 -1829 -2031 -2775 -1955 -2188 -4181 -2129 -3302 -4555 -4028 -5673 -3122 -3174 -5690 -6684 -5584 -4848 -6170 -5975 -7568 -9977 -7280 -7228 -6484 -8262 -8556 -3935 -7894 -4495 -6330 -9883 -8368 -7978 -8904 -9286 -6774 -9771 -7180 
-1513 -2031 -1829 -2129 -2775 -1955 -2188 -4181 -4848 -3302 -4555 -4028 -5673 -3122 -3174 -5690 -6684 -5584 -6774 -6170 -5975 -7568 -9977 -7280 -7228 -6484 -8262 -8556 -3935 -7894 -4495 -6330 -9883 -8368 -7978 -8904 -9286 -7180 -9771 
-1829 -2031 -1955 -2129 -2775 -4028 -2188 -4181 -4848 -3302 -4555 -7228 -5673 -3122 -3174 -5690 -6684 -5584 -6774 -6170 -5975 -7568 -9977 -7280 -9771 -6484 -8262 -8556 -3935 -7894 -4495 -6330 -9883 -8368 -7978 -8904 -9286 -7180 
-1955 -2031 -2188 -2129 -2775 -4028 -3122 -4181 -4848 -3302 -4555 -7228 -5673 -3935 -3174 -5690 -6684 -5584 -6774 -6170 -5975 -7568 -9977 -7280 -9771 -6484 -8262 -8556 -7180 -7894 -4495 -6330 -9883 -8368 -7978 -8904 -9286 
-2031 -2129 -2188 -4181 -2775 -4028 -3122 -5690 -4848 -3302 -4555 -7228 -5673 -3935 -3174 -6330 -6684 -5584 -6774 -6170 -5975 -7568 -9977 -7280 -9771 -6484 -8262 -8556 -7180 -7894 -4495 -9286 -9883 -8368 -7978 -8904 
-2129 -2775 -2188 -4181 -3302 -4028 -3122 -5690 -4848 -5975 -4555 -7228 -5673 -3935 -3174 -6330 -6684 -5584 -6774 -6170 -8904 -7568 -9977 -7280 -9771 -6484 -8262 -8556 -7180 -7894 -4495 -9286 -9883 -8368 -7978 
-2188 -2775 -3122 -4181 -3302 -4028 -3174 -5690 -4848 -5975 -4555 -7228 -5673 -3935 -4495 -6330 -6684 -5584 -6774 -6170 -8904 -7568 -9977 -7280 -9771 -6484 -8262 -8556 -7180 -7894 -7978 -9286 -9883 -8368 
-2775 -3302 -3122 -4181 -4555 -4028 -3174 -5690 -4848 -5975 -7568 -7228 -5673 -3935 -4495 -6330 -6684 -5584 -6774 -6170 -8904 -8368 -9977 -7280 -9771 -6484 -8262 -8556 -7180 -7894 -7978 -9286 -9883 
-3122 -3302 -3174 -4181 -4555 -4028 -3935 -5690 -4848 -5975 -7568 -7228 -5673 -7180 -4495 -6330 -6684 -5584 -6774 -6170 -8904 -8368 -9977 -7280 -9771 -6484 -8262 -8556 -9883 -7894 -7978 -9286 
-3174 -3302 -3935 -4181 -4555 -4028 -4495 -5690 -4848 -5975 -7568 -7228 -5673 -7180 -7894 -6330 -6684 -5584 -6774 -6170 -8904 -8368 -9977 -7280 -9771 -6484 -8262 -8556 -9883 -9286 -7978 
-3302 -4181 -3935 -4848 -4555 -4028 -4495 -5690 -5584 -5975 -7568 -7228 -5673 -7180 -7894 -6330 -6684 -7978 -6774 -6170 -8904 -8368 -9977 -7280 -9771 -6484 -8262 -8556 -9883 -9286 
-3935 -4181 -4028 -4848 -4555 -5673 -4495 -5690 -5584 -5975 -7568 -7228 -6484 -7180 -7894 -6330 -6684 -7978 -6774 -6170 -8904 -8368 -9977 -7280 -9771 -9286 -8262 -8556 -9883 
-4028 -4181 -4495 -4848 -4555 -5673 -7180 -5690 -5584 -5975 -7568 -7228 -6484 -8556 -7894 -6330 -6684 -7978 -6774 -6170 -8904 -8368 -9977 -7280 -9771 -9286 -8262 -9883 
-4181 -4555 -4495 -4848 -5975 -5673 -7180 -5690 -5584 -6170 -7568 -7228 -6484 -8556 -7894 -6330 -6684 -7978 -6774 -9883 -8904 -8368 -9977 -7280 -9771 -9286 -8262 
-4495 -4555 -5673 -4848 -5975 -6484 -7180 -5690 -5584 -6170 -7568 -7228 -8262 -8556 -7894 -6330 -6684 -7978 -6774 -9883 -8904 -8368 -9977 -7280 -9771 -9286 
-4555 -4848 -5673 -5584 -5975 -6484 -7180 -5690 -6774 -6170 -7568 -7228 -8262 -8556 -7894 -6330 -6684 -7978 -9286 -9883 -8904 -8368 -9977 -7280 -9771 
-4848 -5584 -5673 -5690 -5975 -6484 -7180 -6330 -6774 -6170 -7568 -7228 -8262 -8556 -7894 -9771 -6684 -7978 -9286 -9883 -8904 -8368 -9977 -7280 
-5584 -5690 -5673 -6330 -5975 -6484 -7180 -6684 -6774 -6170 -7568 -7228 -8262 -8556 -7894 -9771 -7280 -7978 -9286 -9883 -8904 -8368 -9977 
-5673 -5690 -6484 -6330 -5975 -7228 -7180 -6684 -6774 -6170 -7568 -9977 -8262 -8556 -7894 -9771 -7280 -7978 -9286 -9883 -8904 -8368 
-5690 -5975 -6484 -6330 -6170 -7228 -7180 -6684 -6774 -8368 -7568 -9977 -8262 -8556 -7894 -9771 -7280 -7978 -9286 -9883 -8904 
-5975 -6170 -6484 -6330 -7568 -7228 -7180 -6684 -6774 -8368 -8904 -9977 -8262 -8556 -7894 -9771 -7280 -7978 -9286 -9883 
-6170 -6330 -6484 -6684 -7568 -7228 -7180 -7280 -6774 -8368 -8904 -9977 -8262 -8556 -7894 -9771 -9883 -7978 -9286 
-6330 -6684 -6484 -6774 -7568 -7228 -7180 -7280 -7978 -8368 -8904 -9977 -8262 -8556 -7894 -9771 -9883 -9286 
-6484 -6684 -7180 -6774 -7568 -7228 -7894 -7280 -7978 -8368 -8904 -9977 -8262 -8556 -9286 -9771 -9883 
-6684 -6774 -7180 -7280 -7568 -7228 -7894 -9771 -7978 -8368 -8904 -9977 -8262 -8556 -9286 -9883 
-6774 -7280 -7180 -7978 -7568 -7228 -7894 -9771 -9883 -8368 -8904 -9977 -8262 -8556 -9286 
-7180 -7280 -7228 -7978 -7568 -8262 -7894 -9771 -9883 -8368 -8904 -9977 -9286 -8556 
-7228 -7280 -7894 -7978 -7568 -8262 -8556 -9771 -9883 -8368 -8904 -9977 -9286 
-7280 -7568 -7894 -7978 -8368 -8262 -8556 -9771 -9883 -9286 -8904 -9977 
-7568 -7978 -7894 -9771 -8368 -8262 -8556 -9977 -9883 -9286 -8904 
-7894 -7978 -8262 -9771 -8368 -8904 -8556 -9977 -9883 -9286 
-7978 -8368 -8262 -9771 -9286 -8904 -8556 -9977 -9883 
-8262 -8368 -8556 -9771 -9286 -8904 -9883 -9977 
-8368 -9286 -8556 -9771 -9977 -8904 -9883 
-8556 -9286 -8904 -9771 -9977 -9883 
-8904 -9286 -9883 -9771 -9977 
-9286 -9771 -9883 -9977 
-9771 -9977 -9883 
-9883 -9977 
-9977 -9883 -9771 -9286 -8904 -8556 -8368 -8262 -7978 -7894 -7568 -7280 -7228 -7180 -6774 -6684 -6484 -6330 -6170 -5975 -5690 -5673 -5584 -4848 -4555 -4495 -4181 -4028 -3935 -3302 -3174 -3122 -2775 -2188 -2129 -2031 -1955 -1829 -1513 -1476 -1409 -869 -696 -576 -520 -442 -295 -199 -169 46 73 279 407 533 557 564 866 1007 1684 1760 2177 2639 2826 3109 3158 3360 3604 3789 4299 4364 4398 4573 4650 4714 4734 5164 5194 5389 5734 5814 6212 6912 6930 7255 7300 7407 7534 7936 8115 8363 8545 8634 8837 9017 9211 9249 9716 9743 9856 1000000000 

2 1 
1 2 

8 7 5 3 1 
7 3 5 1 
5 3 1 
3 1 
1 3 5 7 8 

5 
5 

0 
0 




