9856 9716 9743 9211 8634 9249 9017 7407 8545 8115 7534 8837 4573 4398 6912 4364 5814 8363 4714 2639 7936 7255 7300 6212 3789 1760 3109 -1476 866 5389 -4495 -2031 -4181 2826 4734 5164 3158 -295 -4848 1684 279 6930 5734 2177 -2775 4650 -442 4299 5194 2390 3604 -696 46 1007 -2188 -6484 -9977 -3935 -1829 557 -7280 -7894 -5975 -8556 -5690 -6684 -7978 564 -8368 -869 -3302 -8904 -5584 -6774 -576 -9883 -7180 -6330 -5673 -7568 -199 -3122 -1955 73 -1409 -2129 407 -520 -9771 -4555 -6170 -8262 -1513 -9286 -4028 3360 -3174 -169 -7228 533 
9743 9716 9249 9211 8634 8837 9017 7407 8545 8115 7534 6212 4573 4398 6912 4364 5814 8363 4714 2639 7936 7255 7300 5194 3789 1760 3109 -1476 866 5389 -4495 -2031 -4181 2826 4734 5164 3158 -295 -4848 1684 279 6930 5734 2177 -2775 4650 -442 4299 533 2390 3604 -696 46 1007 -2188 -6484 -9977 -3935 -1829 557 -7280 -7894 -5975 -8556 -5690 -6684 -7978 564 -8368 -869 -3302 -8904 -5584 -6774 -576 -9883 -7180 -6330 -5673 -7568 -199 -3122 -1955 73 -1409 -2129 407 -520 -9771 -4555 -6170 -8262 -1513 -9286 -4028 3360 -3174 -169 -7228 
9716 9211 9249 8545 8634 8837 9017 7407 8363 8115 7534 6212 4573 4398 6912 4364 5814 5164 4714 2639 7936 7255 7300 5194 3789 1760 3109 -1476 866 5389 -4495 -2031 -4181 2826 4734 -5584 3158 -295 -4848 1684 279 6930 5734 2177 -2775 4650 -442 4299 533 2390 3604 -696 46 1007 -2188 -6484 -9977 -3935 -1829 557 -7280 -7894 -5975 -8556 -5690 -6684 -7978 564 -8368 -869 -3302 -8904 -7228 -6774 -576 -9883 -7180 -6330 -5673 -7568 -199 -3122 -1955 73 -1409 -2129 407 -520 -9771 -4555 -6170 -8262 -1513 -9286 -4028 3360 -3174 -169 
9249 9211 9017 8545 8634 8837 6912 7407 8363 8115 7534 6212 4573 4398 5389 4364 5814 5164 4714 2639 7936 7255 7300 5194 3789 1760 3109 -1476 866 557 -4495 -2031 -4181 2826 4734 -5584 3158 -295 -4848 1684 279 6930 5734 2177 -2775 4650 -442 4299 533 2390 3604 -696 46 1007 -2188 -6484 -9977 -3935 -1829 -169 -7280 -7894 -5975 -8556 -5690 -6684 -7978 564 -8368 -869 -3302 -8904 -7228 -6774 -576 -9883 -7180 -6330 -5673 -7568 -199 -3122 -1955 73 -1409 -2129 407 -520 -9771 -4555 -6170 -8262 -1513 -9286 -4028 3360 -3174 
9211 8634 9017 8545 8115 8837 6912 7407 8363 7936 7534 6212 4573 4398 5389 4364 5814 5164 4714 2639 6930 7255 7300 5194 3789 1760 3109 -1476 866 557 -4495 -2031 -4181 2826 4734 -5584 3158 -295 -4848 1684 279 73 5734 2177 -2775 4650 -442 4299 533 2390 3604 -696 46 1007 -2188 -6484 -9977 -3935 -1829 -169 -7280 -7894 -5975 -8556 -5690 -6684 -7978 564 -8368 -869 -3302 -8904 -7228 -6774 -576 -9883 -7180 -6330 -5673 -7568 -199 -3122 -1955 -3174 -1409 -2129 407 -520 -9771 -4555 -6170 -8262 -1513 -9286 -4028 3360 
9017 8634 8837 8545 8115 6212 6912 7407 8363 7936 7534 5194 4573 4398 5389 4364 5814 5164 4714 2639 6930 7255 7300 4299 3789 1760 3109 -1476 866 557 -4495 -2031 -4181 2826 4734 -5584 3158 -295 -4848 1684 279 73 5734 2177 -2775 4650 -442 3360 533 2390 3604 -696 46 1007 -2188 -6484 -9977 -3935 -1829 -169 -7280 -7894 -5975 -8556 -5690 -6684 -7978 564 -8368 -869 -3302 -8904 -7228 -6774 -576 -9883 -7180 -6330 -5673 -7568 -199 -3122 -1955 -3174 -1409 -2129 407 -520 -9771 -4555 -6170 -8262 -1513 -9286 -4028 
8837 8634 6912 8545 8115 6212 5389 7407 8363 7936 7534 5194 4573 4398 557 4364 5814 5164 4714 2639 6930 7255 7300 4299 3789 1760 3109 -1476 866 -169 -4495 -2031 -4181 2826 4734 -5584 3158 -295 -4848 1684 279 73 5734 2177 -2775 4650 -442 3360 533 2390 3604 -696 46 1007 -2188 -6484 -9977 -3935 -1829 -4028 -7280 -7894 -5975 -8556 -5690 -6684 -7978 564 -8368 -869 -3302 -8904 -7228 -6774 -576 -9883 -7180 -6330 -5673 -7568 -199 -3122 -1955 -3174 -1409 -2129 407 -520 -9771 -4555 -6170 -8262 -1513 -9286 
8634 8545 6912 8363 8115 6212 5389 7407 5164 7936 7534 5194 4573 4398 557 4364 5814 3158 4714 2639 6930 7255 7300 4299 3789 1760 3109 -1476 866 -169 -4495 -2031 -4181 2826 4734 -5584 -576 -295 -4848 1684 279 73 5734 2177 -2775 4650 -442 3360 533 2390 3604 -696 46 1007 -2188 -6484 -9977 -3935 -1829 -4028 -7280 -7894 -5975 -8556 -5690 -6684 -7978 564 -8368 -869 -3302 -8904 -7228 -6774 -9286 -9883 -7180 -6330 -5673 -7568 -199 -3122 -1955 -3174 -1409 -2129 407 -520 -9771 -4555 -6170 -8262 -1513 
8545 8363 6912 7407 8115 6212 5389 5814 5164 7936 7534 5194 4573 4398 557 4364 4734 3158 4714 2639 6930 7255 7300 4299 3789 1760 3109 -1476 866 -169 -4495 -2031 -4181 2826 -869 -5584 -576 -295 -4848 1684 279 73 5734 2177 -2775 4650 -442 3360 533 2390 3604 -696 46 1007 -2188 -6484 -9977 -3935 -1829 -4028 -7280 -7894 -5975 -8556 -5690 -6684 -7978 564 -8368 -1513 -3302 -8904 -7228 -6774 -9286 -9883 -7180 -6330 -5673 -7568 -199 -3122 -1955 -3174 -1409 -2129 407 -520 -9771 -4555 -6170 -8262 
8363 8115 6912 7407 7936 6212 5389 5814 5164 6930 7534 5194 4573 4398 557 4364 4734 3158 4714 2639 5734 7255 7300 4299 3789 1760 3109 -1476 866 -169 -4495 -2031 -4181 2826 -869 -5584 -576 -295 -4848 1684 279 73 407 2177 -2775 4650 -442 3360 533 2390 3604 -696 46 1007 -2188 -6484 -9977 -3935 -1829 -4028 -7280 -7894 -5975 -8556 -5690 -6684 -7978 564 -8368 -1513 -3302 -8904 -7228 -6774 -9286 -9883 -7180 -6330 -5673 -7568 -199 -3122 -1955 -3174 -1409 -2129 -8262 -520 -9771 -4555 -6170 
8115 7936 6912 7407 7534 6212 5389 5814 5164 6930 7300 5194 4573 4398 557 4364 4734 3158 4714 2639 5734 7255 4650 4299 3789 1760 3109 -1476 866 -169 -4495 -2031 -4181 2826 -869 -5584 -576 -295 -4848 1684 279 73 407 2177 -2775 -6170 -442 3360 533 2390 3604 -696 46 1007 -2188 -6484 -9977 -3935 -1829 -4028 -7280 -7894 -5975 -8556 -5690 -6684 -7978 564 -8368 -1513 -3302 -8904 -7228 -6774 -9286 -9883 -7180 -6330 -5673 -7568 -199 -3122 -1955 -3174 -1409 -2129 -8262 -520 -9771 -4555 
7936 7534 6912 7407 7300 6212 5389 5814 5164 6930 7255 5194 4573 4398 557 4364 4734 3158 4714 2639 5734 2177 4650 4299 3789 1760 3109 -1476 866 -169 -4495 -2031 -4181 2826 -869 -5584 -576 -295 -4848 1684 279 73 407 -520 -2775 -6170 -442 3360 533 2390 3604 -696 46 1007 -2188 -6484 -9977 -3935 -1829 -4028 -7280 -7894 -5975 -8556 -5690 -6684 -7978 564 -8368 -1513 -3302 -8904 -7228 -6774 -9286 -9883 -7180 -6330 -5673 -7568 -199 -3122 -1955 -3174 -1409 -2129 -8262 -4555 -9771 
7534 7407 6912 5814 7300 6212 5389 4734 5164 6930 7255 5194 4573 4398 557 4364 2826 3158 4714 2639 5734 2177 4650 4299 3789 1760 3109 -1476 866 -169 -4495 -2031 -4181 564 -869 -5584 -576 -295 -4848 1684 279 73 407 -520 -2775 -6170 -442 3360 533 2390 3604 -696 46 1007 -2188 -6484 -9977 -3935 -1829 -4028 -7280 -7894 -5975 -8556 -5690 -6684 -7978 -9771 -8368 -1513 -3302 -8904 -7228 -6774 -9286 -9883 -7180 -6330 -5673 -7568 -199 -3122 -1955 -3174 -1409 -2129 -8262 -4555 
7407 7300 6912 5814 7255 6212 5389 4734 5164 6930 4650 5194 4573 4398 557 4364 2826 3158 4714 2639 5734 2177 -442 4299 3789 1760 3109 -1476 866 -169 -4495 -2031 -4181 564 -869 -5584 -576 -295 -4848 1684 279 73 407 -520 -2775 -6170 -4555 3360 533 2390 3604 -696 46 1007 -2188 -6484 -9977 -3935 -1829 -4028 -7280 -7894 -5975 -8556 -5690 -6684 -7978 -9771 -8368 -1513 -3302 -8904 -7228 -6774 -9286 -9883 -7180 -6330 -5673 -7568 -199 -3122 -1955 -3174 -1409 -2129 -8262 
7300 7255 6912 5814 6930 6212 5389 4734 5164 5734 4650 5194 4573 4398 557 4364 2826 3158 4714 2639 407 2177 -442 4299 3789 1760 3109 -1476 866 -169 -4495 -2031 -4181 564 -869 -5584 -576 -295 -4848 1684 279 73 -2129 -520 -2775 -6170 -4555 3360 533 2390 3604 -696 46 1007 -2188 -6484 -9977 -3935 -1829 -4028 -7280 -7894 -5975 -8556 -5690 -6684 -7978 -9771 -8368 -1513 -3302 -8904 -7228 -6774 -9286 -9883 -7180 -6330 -5673 -7568 -199 -3122 -1955 -3174 -1409 -8262 
7255 6930 6912 5814 5734 6212 5389 4734 5164 2639 4650 5194 4573 4398 557 4364 2826 3158 4714 1684 407 2177 -442 4299 3789 1760 3109 -1476 866 -169 -4495 -2031 -4181 564 -869 -5584 -576 -295 -4848 -199 279 73 -2129 -520 -2775 -6170 -4555 3360 533 2390 3604 -696 46 1007 -2188 -6484 -9977 -3935 -1829 -4028 -7280 -7894 -5975 -8556 -5690 -6684 -7978 -9771 -8368 -1513 -3302 -8904 -7228 -6774 -9286 -9883 -7180 -6330 -5673 -7568 -8262 -3122 -1955 -3174 -1409 
6930 5814 6912 5164 5734 6212 5389 4734 4714 2639 4650 5194 4573 4398 557 4364 2826 3158 -295 1684 407 2177 -442 4299 3789 1760 3109 -1476 866 -169 -4495 -2031 -4181 564 -869 -5584 -576 -1409 -4848 -199 279 73 -2129 -520 -2775 -6170 -4555 3360 533 2390 3604 -696 46 1007 -2188 -6484 -9977 -3935 -1829 -4028 -7280 -7894 -5975 -8556 -5690 -6684 -7978 -9771 -8368 -1513 -3302 -8904 -7228 -6774 -9286 -9883 -7180 -6330 -5673 -7568 -8262 -3122 -1955 -3174 
6912 5814 6212 5164 5734 5194 5389 4734 4714 2639 4650 4299 4573 4398 557 4364 2826 3158 -295 1684 407 2177 -442 3360 3789 1760 3109 -1476 866 -169 -4495 -2031 -4181 564 -869 -5584 -576 -1409 -4848 -199 279 73 -2129 -520 -2775 -6170 -4555 -3174 533 2390 3604 -696 46 1007 -2188 -6484 -9977 -3935 -1829 -4028 -7280 -7894 -5975 -8556 -5690 -6684 -7978 -9771 -8368 -1513 -3302 -8904 -7228 -6774 -9286 -9883 -7180 -6330 -5673 -7568 -8262 -3122 -1955 
6212 5814 5389 5164 5734 5194 4398 4734 4714 2639 4650 4299 4573 866 557 4364 2826 3158 -295 1684 407 2177 -442 3360 3789 1760 3109 -1476 -1829 -169 -4495 -2031 -4181 564 -869 -5584 -576 -1409 -4848 -199 279 73 -2129 -520 -2775 -6170 -4555 -3174 533 2390 3604 -696 46 1007 -2188 -6484 -9977 -3935 -1955 -4028 -7280 -7894 -5975 -8556 -5690 -6684 -7978 -9771 -8368 -1513 -3302 -8904 -7228 -6774 -9286 -9883 -7180 -6330 -5673 -7568 -8262 -3122 
5814 5734 5389 5164 4650 5194 4398 4734 4714 2639 2177 4299 4573 866 557 4364 2826 3158 -295 1684 407 -520 -442 3360 3789 1760 3109 -1476 -1829 -169 -4495 -2031 -4181 564 -869 -5584 -576 -1409 -4848 -199 279 73 -2129 -3122 -2775 -6170 -4555 -3174 533 2390 3604 -696 46 1007 -2188 -6484 -9977 -3935 -1955 -4028 -7280 -7894 -5975 -8556 -5690 -6684 -7978 -9771 -8368 -1513 -3302 -8904 -7228 -6774 -9286 -9883 -7180 -6330 -5673 -7568 -8262 
5734 5164 5389 4734 4650 5194 4398 4364 4714 2639 2177 4299 4573 866 557 -2031 2826 3158 -295 1684 407 -520 -442 3360 3789 1760 3109 -1476 -1829 -169 -4495 -5690 -4181 564 -869 -5584 -576 -1409 -4848 -199 279 73 -2129 -3122 -2775 -6170 -4555 -3174 533 2390 3604 -696 46 1007 -2188 -6484 -9977 -3935 -1955 -4028 -7280 -7894 -5975 -8556 -8262 -6684 -7978 -9771 -8368 -1513 -3302 -8904 -7228 -6774 -9286 -9883 -7180 -6330 -5673 -7568 
5389 5164 5194 4734 4650 4573 4398 4364 4714 2639 2177 4299 3109 866 557 -2031 2826 3158 -295 1684 407 -520 -442 3360 3789 1760 1007 -1476 -1829 -169 -4495 -5690 -4181 564 -869 -5584 -576 -1409 -4848 -199 279 73 -2129 -3122 -2775 -6170 -4555 -3174 533 2390 3604 -696 46 -7568 -2188 -6484 -9977 -3935 -1955 -4028 -7280 -7894 -5975 -8556 -8262 -6684 -7978 -9771 -8368 -1513 -3302 -8904 -7228 -6774 -9286 -9883 -7180 -6330 -5673 
5194 5164 4573 4734 4650 4299 4398 4364 4714 2639 2177 3789 3109 866 557 -2031 2826 3158 -295 1684 407 -520 -442 3360 3604 1760 1007 -1476 -1829 -169 -4495 -5690 -4181 564 -869 -5584 -576 -1409 -4848 -199 279 73 -2129 -3122 -2775 -6170 -4555 -3174 533 2390 -5673 -696 46 -7568 -2188 -6484 -9977 -3935 -1955 -4028 -7280 -7894 -5975 -8556 -8262 -6684 -7978 -9771 -8368 -1513 -3302 -8904 -7228 -6774 -9286 -9883 -7180 -6330 
5164 4734 4573 4714 4650 4299 4398 4364 3158 2639 2177 3789 3109 866 557 -2031 2826 -576 -295 1684 407 -520 -442 3360 3604 1760 1007 -1476 -1829 -169 -4495 -5690 -4181 564 -869 -5584 -6330 -1409 -4848 -199 279 73 -2129 -3122 -2775 -6170 -4555 -3174 533 2390 -5673 -696 46 -7568 -2188 -6484 -9977 -3935 -1955 -4028 -7280 -7894 -5975 -8556 -8262 -6684 -7978 -9771 -8368 -1513 -3302 -8904 -7228 -6774 -9286 -9883 -7180 
4734 4714 4573 4364 4650 4299 4398 2826 3158 2639 2177 3789 3109 866 557 -2031 564 -576 -295 1684 407 -520 -442 3360 3604 1760 1007 -1476 -1829 -169 -4495 -5690 -4181 -7180 -869 -5584 -6330 -1409 -4848 -199 279 73 -2129 -3122 -2775 -6170 -4555 -3174 533 2390 -5673 -696 46 -7568 -2188 -6484 -9977 -3935 -1955 -4028 -7280 -7894 -5975 -8556 -8262 -6684 -7978 -9771 -8368 -1513 -3302 -8904 -7228 -6774 -9286 -9883 
4714 4650 4573 4364 2639 4299 4398 2826 3158 1684 2177 3789 3109 866 557 -2031 564 -576 -295 279 407 -520 -442 3360 3604 1760 1007 -1476 -1829 -169 -4495 -5690 -4181 -7180 -869 -5584 -6330 -1409 -4848 -199 -9883 73 -2129 -3122 -2775 -6170 -4555 -3174 533 2390 -5673 -696 46 -7568 -2188 -6484 -9977 -3935 -1955 -4028 -7280 -7894 -5975 -8556 -8262 -6684 -7978 -9771 -8368 -1513 -3302 -8904 -7228 -6774 -9286 
4650 4364 4573 3158 2639 4299 4398 2826 -295 1684 2177 3789 3109 866 557 -2031 564 -576 -1409 279 407 -520 -442 3360 3604 1760 1007 -1476 -1829 -169 -4495 -5690 -4181 -7180 -869 -5584 -6330 -9286 -4848 -199 -9883 73 -2129 -3122 -2775 -6170 -4555 -3174 533 2390 -5673 -696 46 -7568 -2188 -6484 -9977 -3935 -1955 -4028 -7280 -7894 -5975 -8556 -8262 -6684 -7978 -9771 -8368 -1513 -3302 -8904 -7228 -6774 
4573 4364 4398 3158 2639 4299 866 2826 -295 1684 2177 3789 3109 -1476 557 -2031 564 -576 -1409 279 407 -520 -442 3360 3604 1760 1007 -6484 -1829 -169 -4495 -5690 -4181 -7180 -869 -5584 -6330 -9286 -4848 -199 -9883 73 -2129 -3122 -2775 -6170 -4555 -3174 533 2390 -5673 -696 46 -7568 -2188 -6774 -9977 -3935 -1955 -4028 -7280 -7894 -5975 -8556 -8262 -6684 -7978 -9771 -8368 -1513 -3302 -8904 -7228 
4398 4364 4299 3158 2639 3789 866 2826 -295 1684 2177 3604 3109 -1476 557 -2031 564 -576 -1409 279 407 -520 -442 3360 2390 1760 1007 -6484 -1829 -169 -4495 -5690 -4181 -7180 -869 -5584 -6330 -9286 -4848 -199 -9883 73 -2129 -3122 -2775 -6170 -4555 -3174 533 -7228 -5673 -696 46 -7568 -2188 -6774 -9977 -3935 -1955 -4028 -7280 -7894 -5975 -8556 -8262 -6684 -7978 -9771 -8368 -1513 -3302 -8904 
4364 3158 4299 2826 2639 3789 866 564 -295 1684 2177 3604 3109 -1476 557 -2031 -869 -576 -1409 279 407 -520 -442 3360 2390 1760 1007 -6484 -1829 -169 -4495 -5690 -4181 -7180 -1513 -5584 -6330 -9286 -4848 -199 -9883 73 -2129 -3122 -2775 -6170 -4555 -3174 533 -7228 -5673 -696 46 -7568 -2188 -6774 -9977 -3935 -1955 -4028 -7280 -7894 -5975 -8556 -8262 -6684 -7978 -9771 -8368 -8904 -3302 
4299 3158 3789 2826 2639 3604 866 564 -295 1684 2177 3360 3109 -1476 557 -2031 -869 -576 -1409 279 407 -520 -442 533 2390 1760 1007 -6484 -1829 -169 -4495 -5690 -4181 -7180 -1513 -5584 -6330 -9286 -4848 -199 -9883 73 -2129 -3122 -2775 -6170 -4555 -3174 -3302 -7228 -5673 -696 46 -7568 -2188 -6774 -9977 -3935 -1955 -4028 -7280 -7894 -5975 -8556 -8262 -6684 -7978 -9771 -8368 -8904 
3789 3158 3604 2826 2639 3360 866 564 -295 1684 2177 2390 3109 -1476 557 -2031 -869 -576 -1409 279 407 -520 -442 533 -5673 1760 1007 -6484 -1829 -169 -4495 -5690 -4181 -7180 -1513 -5584 -6330 -9286 -4848 -199 -9883 73 -2129 -3122 -2775 -6170 -4555 -3174 -3302 -7228 -8904 -696 46 -7568 -2188 -6774 -9977 -3935 -1955 -4028 -7280 -7894 -5975 -8556 -8262 -6684 -7978 -9771 -8368 
3604 3158 3360 2826 2639 3109 866 564 -295 1684 2177 2390 1760 -1476 557 -2031 -869 -576 -1409 279 407 -520 -442 533 -5673 46 1007 -6484 -1829 -169 -4495 -5690 -4181 -7180 -1513 -5584 -6330 -9286 -4848 -199 -9883 73 -2129 -3122 -2775 -6170 -4555 -3174 -3302 -7228 -8904 -696 -8368 -7568 -2188 -6774 -9977 -3935 -1955 -4028 -7280 -7894 -5975 -8556 -8262 -6684 -7978 -9771 
3360 3158 3109 2826 2639 2390 866 564 -295 1684 2177 533 1760 -1476 557 -2031 -869 -576 -1409 279 407 -520 -442 -3174 -5673 46 1007 -6484 -1829 -169 -4495 -5690 -4181 -7180 -1513 -5584 -6330 -9286 -4848 -199 -9883 73 -2129 -3122 -2775 -6170 -4555 -9771 -3302 -7228 -8904 -696 -8368 -7568 -2188 -6774 -9977 -3935 -1955 -4028 -7280 -7894 -5975 -8556 -8262 -6684 -7978 
3158 2826 3109 564 2639 2390 866 -869 -295 1684 2177 533 1760 -1476 557 -2031 -1513 -576 -1409 279 407 -520 -442 -3174 -5673 46 1007 -6484 -1829 -169 -4495 -5690 -4181 -7180 -7978 -5584 -6330 -9286 -4848 -199 -9883 73 -2129 -3122 -2775 -6170 -4555 -9771 -3302 -7228 -8904 -696 -8368 -7568 -2188 -6774 -9977 -3935 -1955 -4028 -7280 -7894 -5975 -8556 -8262 -6684 
3109 2826 2390 564 2639 1760 866 -869 -295 1684 2177 533 1007 -1476 557 -2031 -1513 -576 -1409 279 407 -520 -442 -3174 -5673 46 -2188 -6484 -1829 -169 -4495 -5690 -4181 -7180 -7978 -5584 -6330 -9286 -4848 -199 -9883 73 -2129 -3122 -2775 -6170 -4555 -9771 -3302 -7228 -8904 -696 -8368 -7568 -6684 -6774 -9977 -3935 -1955 -4028 -7280 -7894 -5975 -8556 -8262 
2826 2639 2390 564 2177 1760 866 -869 -295 1684 -442 533 1007 -1476 557 -2031 -1513 -576 -1409 279 407 -520 -4555 -3174 -5673 46 -2188 -6484 -1829 -169 -4495 -5690 -4181 -7180 -7978 -5584 -6330 -9286 -4848 -199 -9883 73 -2129 -3122 -2775 -6170 -8262 -9771 -3302 -7228 -8904 -696 -8368 -7568 -6684 -6774 -9977 -3935 -1955 -4028 -7280 -7894 -5975 -8556 
2639 2177 2390 564 1684 1760 866 -869 -295 407 -442 533 1007 -1476 557 -2031 -1513 -576 -1409 279 73 -520 -4555 -3174 -5673 46 -2188 -6484 -1829 -169 -4495 -5690 -4181 -7180 -7978 -5584 -6330 -9286 -4848 -199 -9883 -8556 -2129 -3122 -2775 -6170 -8262 -9771 -3302 -7228 -8904 -696 -8368 -7568 -6684 -6774 -9977 -3935 -1955 -4028 -7280 -7894 -5975 
2390 2177 1760 564 1684 1007 866 -869 -295 407 -442 533 46 -1476 557 -2031 -1513 -576 -1409 279 73 -520 -4555 -3174 -5673 -696 -2188 -6484 -1829 -169 -4495 -5690 -4181 -7180 -7978 -5584 -6330 -9286 -4848 -199 -9883 -8556 -2129 -3122 -2775 -6170 -8262 -9771 -3302 -7228 -8904 -5975 -8368 -7568 -6684 -6774 -9977 -3935 -1955 -4028 -7280 -7894 
2177 1684 1760 564 407 1007 866 -869 -295 279 -442 533 46 -1476 557 -2031 -1513 -576 -1409 -199 73 -520 -4555 -3174 -5673 -696 -2188 -6484 -1829 -169 -4495 -5690 -4181 -7180 -7978 -5584 -6330 -9286 -4848 -7894 -9883 -8556 -2129 -3122 -2775 -6170 -8262 -9771 -3302 -7228 -8904 -5975 -8368 -7568 -6684 -6774 -9977 -3935 -1955 -4028 -7280 
1760 1684 1007 564 407 533 866 -869 -295 279 -442 -3174 46 -1476 557 -2031 -1513 -576 -1409 -199 73 -520 -4555 -3302 -5673 -696 -2188 -6484 -1829 -169 -4495 -5690 -4181 -7180 -7978 -5584 -6330 -9286 -4848 -7894 -9883 -8556 -2129 -3122 -2775 -6170 -8262 -9771 -7280 -7228 -8904 -5975 -8368 -7568 -6684 -6774 -9977 -3935 -1955 -4028 
1684 564 1007 -295 407 533 866 -869 -576 279 -442 -3174 46 -1476 557 -2031 -1513 -4028 -1409 -199 73 -520 -4555 -3302 -5673 -696 -2188 -6484 -1829 -169 -4495 -5690 -4181 -7180 -7978 -5584 -6330 -9286 -4848 -7894 -9883 -8556 -2129 -3122 -2775 -6170 -8262 -9771 -7280 -7228 -8904 -5975 -8368 -7568 -6684 -6774 -9977 -3935 -1955 
1007 564 866 -295 407 533 557 -869 -576 279 -442 -3174 46 -1476 -169 -2031 -1513 -4028 -1409 -199 73 -520 -4555 -3302 -5673 -696 -2188 -6484 -1829 -1955 -4495 -5690 -4181 -7180 -7978 -5584 -6330 -9286 -4848 -7894 -9883 -8556 -2129 -3122 -2775 -6170 -8262 -9771 -7280 -7228 -8904 -5975 -8368 -7568 -6684 -6774 -9977 -3935 
866 564 557 -295 407 533 -169 -869 -576 279 -442 -3174 46 -1476 -1955 -2031 -1513 -4028 -1409 -199 73 -520 -4555 -3302 -5673 -696 -2188 -6484 -1829 -3935 -4495 -5690 -4181 -7180 -7978 -5584 -6330 -9286 -4848 -7894 -9883 -8556 -2129 -3122 -2775 -6170 -8262 -9771 -7280 -7228 -8904 -5975 -8368 -7568 -6684 -6774 -9977 
564 407 557 -295 279 533 -169 -869 -576 73 -442 -3174 46 -1476 -1955 -2031 -1513 -4028 -1409 -199 -2129 -520 -4555 -3302 -5673 -696 -2188 -6484 -1829 -3935 -4495 -5690 -4181 -7180 -7978 -5584 -6330 -9286 -4848 -7894 -9883 -8556 -9977 -3122 -2775 -6170 -8262 -9771 -7280 -7228 -8904 -5975 -8368 -7568 -6684 -6774 
557 407 533 -295 279 46 -169 -869 -576 73 -442 -3174 -696 -1476 -1955 -2031 -1513 -4028 -1409 -199 -2129 -520 -4555 -3302 -5673 -5975 -2188 -6484 -1829 -3935 -4495 -5690 -4181 -7180 -7978 -5584 -6330 -9286 -4848 -7894 -9883 -8556 -9977 -3122 -2775 -6170 -8262 -9771 -7280 -7228 -8904 -6774 -8368 -7568 -6684 
533 407 46 -295 279 -696 -169 -869 -576 73 -442 -3174 -2188 -1476 -1955 -2031 -1513 -4028 -1409 -199 -2129 -520 -4555 -3302 -5673 -5975 -6684 -6484 -1829 -3935 -4495 -5690 -4181 -7180 -7978 -5584 -6330 -9286 -4848 -7894 -9883 -8556 -9977 -3122 -2775 -6170 -8262 -9771 -7280 -7228 -8904 -6774 -8368 -7568 
407 279 46 -295 73 -696 -169 -869 -576 -199 -442 -3174 -2188 -1476 -1955 -2031 -1513 -4028 -1409 -7568 -2129 -520 -4555 -3302 -5673 -5975 -6684 -6484 -1829 -3935 -4495 -5690 -4181 -7180 -7978 -5584 -6330 -9286 -4848 -7894 -9883 -8556 -9977 -3122 -2775 -6170 -8262 -9771 -7280 -7228 -8904 -6774 -8368 
279 73 46 -295 -199 -696 -169 -869 -576 -2129 -442 -3174 -2188 -1476 -1955 -2031 -1513 -4028 -1409 -7568 -8368 -520 -4555 -3302 -5673 -5975 -6684 -6484 -1829 -3935 -4495 -5690 -4181 -7180 -7978 -5584 -6330 -9286 -4848 -7894 -9883 -8556 -9977 -3122 -2775 -6170 -8262 -9771 -7280 -7228 -8904 -6774 
73 -199 46 -295 -442 -696 -169 -869 -576 -2129 -520 -3174 -2188 -1476 -1955 -2031 -1513 -4028 -1409 -7568 -8368 -2775 -4555 -3302 -5673 -5975 -6684 -6484 -1829 -3935 -4495 -5690 -4181 -7180 -7978 -5584 -6330 -9286 -4848 -7894 -9883 -8556 -9977 -3122 -6774 -6170 -8262 -9771 -7280 -7228 -8904 
46 -199 -169 -295 -442 -696 -1476 -869 -576 -2129 -520 -3174 -2188 -1829 -1955 -2031 -1513 -4028 -1409 -7568 -8368 -2775 -4555 -3302 -5673 -5975 -6684 -6484 -8904 -3935 -4495 -5690 -4181 -7180 -7978 -5584 -6330 -9286 -4848 -7894 -9883 -8556 -9977 -3122 -6774 -6170 -8262 -9771 -7280 -7228 
-169 -199 -696 -295 -442 -2188 -1476 -869 -576 -2129 -520 -3174 -5975 -1829 -1955 -2031 -1513 -4028 -1409 -7568 -8368 -2775 -4555 -3302 -5673 -7228 -6684 -6484 -8904 -3935 -4495 -5690 -4181 -7180 -7978 -5584 -6330 -9286 -4848 -7894 -9883 -8556 -9977 -3122 -6774 -6170 -8262 -9771 -7280 
-199 -295 -696 -576 -442 -2188 -1476 -869 -1409 -2129 -520 -3174 -5975 -1829 -1955 -2031 -1513 -4028 -4848 -7568 -8368 -2775 -4555 -3302 -5673 -7228 -6684 -6484 -8904 -3935 -4495 -5690 -4181 -7180 -7978 -5584 -6330 -9286 -7280 -7894 -9883 -8556 -9977 -3122 -6774 -6170 -8262 -9771 
-295 -442 -696 -576 -520 -2188 -1476 -869 -1409 -2129 -2775 -3174 -5975 -1829 -1955 -2031 -1513 -4028 -4848 -7568 -8368 -3122 -4555 -3302 -5673 -7228 -6684 -6484 -8904 -3935 -4495 -5690 -4181 -7180 -7978 -5584 -6330 -9286 -7280 -7894 -9883 -8556 -9977 -9771 -6774 -6170 -8262 
-442 -520 -696 -576 -2129 -2188 -1476 -869 -1409 -7568 -2775 -3174 -5975 -1829 -1955 -2031 -1513 -4028 -4848 -7894 -8368 -3122 -4555 -3302 -5673 -7228 -6684 -6484 -8904 -3935 -4495 -5690 -4181 -7180 -7978 -5584 -6330 -9286 -7280 -8262 -9883 -8556 -9977 -9771 -6774 -6170 
-520 -576 -696 -869 -2129 -2188 -1476 -1513 -1409 -7568 -2775 -3174 -5975 -1829 -1955 -2031 -6170 -4028 -4848 -7894 -8368 -3122 -4555 -3302 -5673 -7228 -6684 -6484 -8904 -3935 -4495 -5690 -4181 -7180 -7978 -5584 -6330 -9286 -7280 -8262 -9883 -8556 -9977 -9771 -6774 
-576 -869 -696 -1409 -2129 -2188 -1476 -1513 -4028 -7568 -2775 -3174 -5975 -1829 -1955 -2031 -6170 -5584 -4848 -7894 -8368 -3122 -4555 -3302 -5673 -7228 -6684 -6484 -8904 -3935 -4495 -5690 -4181 -7180 -7978 -6774 -6330 -9286 -7280 -8262 -9883 -8556 -9977 -9771 
-696 -869 -1476 -1409 -2129 -2188 -1829 -1513 -4028 -7568 -2775 -3174 -5975 -6484 -1955 -2031 -6170 -5584 -4848 -7894 -8368 -3122 -4555 -3302 -5673 -7228 -6684 -9771 -8904 -3935 -4495 -5690 -4181 -7180 -7978 -6774 -6330 -9286 -7280 -8262 -9883 -8556 -9977 
-869 -1409 -1476 -1513 -2129 -2188 -1829 -2031 -4028 -7568 -2775 -3174 -5975 -6484 -1955 -4181 -6170 -5584 -4848 -7894 -8368 -3122 -4555 -3302 -5673 -7228 -6684 -9771 -8904 -3935 -4495 -5690 -9977 -7180 -7978 -6774 -6330 -9286 -7280 -8262 -9883 -8556 
-1409 -1513 -1476 -2031 -2129 -2188 -1829 -4181 -4028 -7568 -2775 -3174 -5975 -6484 -1955 -5690 -6170 -5584 -4848 -7894 -8368 -3122 -4555 -3302 -5673 -7228 -6684 -9771 -8904 -3935 -4495 -8556 -9977 -7180 -7978 -6774 -6330 -9286 -7280 -8262 -9883 
-1476 -1513 -1829 -2031 -2129 -2188 -1955 -4181 -4028 -7568 -2775 -3174 -5975 -6484 -3935 -5690 -6170 -5584 -4848 -7894 -8368 -3122 -4555 -3302 -5673 -7228 -6684 -9771 -8904 -9883 -4495 -8556 -9977 -7180 -7978 -6774 -6330 -9286 -7280 -8262 
-1513 -2031 -1829 -4028 -2129 -2188 -1955 -4181 -4848 -7568 -2775 -3174 -5975 -6484 -3935 -5690 -6170 -5584 -7280 -7894 -8368 -3122 -4555 -3302 -5673 -7228 -6684 -9771 -8904 -9883 -4495 -8556 -9977 -7180 -7978 -6774 -6330 -9286 -8262 
-1829 -2031 -1955 -4028 -2129 -2188 -3935 -4181 -4848 -7568 -2775 -3174 -5975 -6484 -4495 -5690 -6170 -5584 -7280 -7894 -8368 -3122 -4555 -3302 -5673 -7228 -6684 -9771 -8904 -9883 -8262 -8556 -9977 -7180 -7978 -6774 -6330 -9286 
-1955 -2031 -2188 -4028 -2129 -3174 -3935 -4181 -4848 -7568 -2775 -3302 -5975 -6484 -4495 -5690 -6170 -5584 -7280 -7894 -8368 -3122 -4555 -9286 -5673 -7228 -6684 -9771 -8904 -9883 -8262 -8556 -9977 -7180 -7978 -6774 -6330 
-2031 -2129 -2188 -4028 -2775 -3174 -3935 -4181 -4848 -7568 -3122 -3302 -5975 -6484 -4495 -5690 -6170 -5584 -7280 -7894 -8368 -6330 -4555 -9286 -5673 -7228 -6684 -9771 -8904 -9883 -8262 -8556 -9977 -7180 -7978 -6774 
-2129 -2775 -2188 -4028 -3122 -3174 -3935 -4181 -4848 -7568 -4555 -3302 -5975 -6484 -4495 -5690 -6170 -5584 -7280 -7894 -8368 -6330 -6774 -9286 -5673 -7228 -6684 -9771 -8904 -9883 -8262 -8556 -9977 -7180 -7978 
-2188 -2775 -3174 -4028 -3122 -3302 -3935 -4181 -4848 -7568 -4555 -5673 -5975 -6484 -4495 -5690 -6170 -5584 -7280 -7894 -8368 -6330 -6774 -9286 -7978 -7228 -6684 -9771 -8904 -9883 -8262 -8556 -9977 -7180 
-2775 -3122 -3174 -4028 -4555 -3302 -3935 -4181 -4848 -7568 -6330 -5673 -5975 -6484 -4495 -5690 -6170 -5584 -7280 -7894 -8368 -7180 -6774 -9286 -7978 -7228 -6684 -9771 -8904 -9883 -8262 -8556 -9977 
-3122 -4028 -3174 -4181 -4555 -3302 -3935 -5690 -4848 -7568 -6330 -5673 -5975 -6484 -4495 -8556 -6170 -5584 -7280 -7894 -8368 -7180 -6774 -9286 -7978 -7228 -6684 -9771 -8904 -9883 -8262 -9977 
-3174 -4028 -3302 -4181 -4555 -5673 -3935 -5690 -4848 -7568 -6330 -7978 -5975 -6484 -4495 -8556 -6170 -5584 -7280 -7894 -8368 -7180 -6774 -9286 -9977 -7228 -6684 -9771 -8904 -9883 -8262 
-3302 -4028 -3935 -4181 -4555 -5673 -4495 -5690 -4848 -7568 -6330 -7978 -5975 -6484 -8262 -8556 -6170 -5584 -7280 -7894 -8368 -7180 -6774 -9286 -9977 -7228 -6684 -9771 -8904 -9883 
-3935 -4028 -4495 -4181 -4555 -5673 -6484 -5690 -4848 -7568 -6330 -7978 -5975 -8904 -8262 -8556 -6170 -5584 -7280 -7894 -8368 -7180 -6774 -9286 -9977 -7228 -6684 -9771 -9883 
-4028 -4181 -4495 -4848 -4555 -5673 -6484 -5690 -5584 -7568 -6330 -7978 -5975 -8904 -8262 -8556 -6170 -9883 -7280 -7894 -8368 -7180 -6774 -9286 -9977 -7228 -6684 -9771 
-4181 -4555 -4495 -4848 -6330 -5673 -6484 -5690 -5584 -7568 -6774 -7978 -5975 -8904 -8262 -8556 -6170 -9883 -7280 -7894 -8368 -7180 -9771 -9286 -9977 -7228 -6684 
-4495 -4555 -5673 -4848 -6330 -5975 -6484 -5690 -5584 -7568 -6774 -7978 -6684 -8904 -8262 -8556 -6170 -9883 -7280 -7894 -8368 -7180 -9771 -9286 -9977 -7228 
-4555 -4848 -5673 -5584 -6330 -5975 -6484 -5690 -7228 -7568 -6774 -7978 -6684 -8904 -8262 -8556 -6170 -9883 -7280 -7894 -8368 -7180 -9771 -9286 -9977 
-4848 -5584 -5673 -5690 -6330 -5975 -6484 -6170 -7228 -7568 -6774 -7978 -6684 -8904 -8262 -8556 -9977 -9883 -7280 -7894 -8368 -7180 -9771 -9286 
-5584 -5690 -5673 -6170 -6330 -5975 -6484 -8556 -7228 -7568 -6774 -7978 -6684 -8904 -8262 -9286 -9977 -9883 -7280 -7894 -8368 -7180 -9771 
-5673 -5690 -5975 -6170 -6330 -6684 -6484 -8556 -7228 -7568 -6774 -7978 -9771 -8904 -8262 -9286 -9977 -9883 -7280 -7894 -8368 -7180 
-5690 -6170 -5975 -7180 -6330 -6684 -6484 -8556 -7228 -7568 -6774 -7978 -9771 -8904 -8262 -9286 -9977 -9883 -7280 -7894 -8368 
-5975 -6170 -6484 -7180 -6330 -6684 -8262 -8556 -7228 -7568 -6774 -7978 -9771 -8904 -8368 -9286 -9977 -9883 -7280 -7894 
-6170 -6330 -6484 -7180 -6774 -6684 -8262 -8556 -7228 -7568 -7894 -7978 -9771 -8904 -8368 -9286 -9977 -9883 -7280 
-6330 -6774 -6484 -7180 -7280 -6684 -8262 -8556 -7228 -7568 -7894 -7978 -9771 -8904 -8368 -9286 -9977 -9883 
-6484 -6774 -6684 -7180 -7280 -7978 -8262 -8556 -7228 -7568 -7894 -9883 -9771 -8904 -8368 -9286 -9977 
-6684 -6774 -7978 -7180 -7280 -9771 -8262 -8556 -7228 -7568 -7894 -9883 -9977 -8904 -8368 -9286 
-6774 -7180 -7978 -7228 -7280 -9771 -8262 -8556 -9286 -7568 -7894 -9883 -9977 -8904 -8368 
-7180 -7228 -7978 -8368 -7280 -9771 -8262 -8556 -9286 -7568 -7894 -9883 -9977 -8904 
-7228 -7280 -7978 -8368 -7568 -9771 -8262 -8556 -9286 -8904 -7894 -9883 -9977 
-7280 -7568 -7978 -8368 -7894 -9771 -8262 -8556 -9286 -8904 -9977 -9883 
-7568 -7894 -7978 -8368 -8904 -9771 -8262 -8556 -9286 -9883 -9977 
-7894 -8368 -7978 -8556 -8904 -9771 -8262 -9977 -9286 -9883 
-7978 -8368 -8262 -8556 -8904 -9771 -9883 -9977 -9286 
-8262 -8368 -9286 -8556 -8904 -9771 -9883 -9977 
-8368 -8556 -9286 -9977 -8904 -9771 -9883 
-8556 -8904 -9286 -9977 -9883 -9771 
-8904 -9771 -9286 -9977 -9883 
-9286 -9771 -9883 -9977 
-9771 -9977 -9883 
-9883 -9977 
-9977 -9883 -9771 -9286 -8904 -8556 -8368 -8262 -7978 -7894 -7568 -7280 -7228 -7180 -6774 -6684 -6484 -6330 -6170 -5975 -5690 -5673 -5584 -4848 -4555 -4495 -4181 -4028 -3935 -3302 -3174 -3122 -2775 -2188 -2129 -2031 -1955 -1829 -1513 -1476 -1409 -869 -696 -576 -520 -442 -295 -199 -169 46 73 279 407 533 557 564 866 1007 1684 1760 2177 2390 2639 2826 3109 3158 3360 3604 3789 4299 4364 4398 4573 4650 4714 4734 5164 5194 5389 5734 5814 6212 6912 6930 7255 7300 7407 7534 7936 8115 8363 8545 8634 8837 9017 9211 9249 9716 9743 9856 

