1000000000 9211 9856 9017 8634 9743 9716 8545 8363 8115 7300 8837 6212 9249 6912 4364 5814 7407 5164 4650 7936 5734 7255 4573 5194 1760 4398 866 -1829 557 5389 -869 -4181 564 4734 -5584 3158 -295 4714 2639 279 1684 7534 407 2177 -442 -1513 3360 4299 3789 3604 -696 46 1007 3109 -9977 -1476 -6484 -3935 -7894 -7280 -4495 -5975 -8556 -5690 -6684 -7978 -8368 -2031 -3302 2826 -8904 -6330 -6774 -576 -9883 -7180 -5673 -4848 -7568 -199 -3122 -1955 -2129 73 -1409 6930 -9771 -520 -6170 -4555 -8262 -2775 -9286 -4028 -2188 -3174 -169 -7228 533 
9856 9211 9743 9017 8634 8837 9716 8545 8363 8115 7300 5194 6212 9249 6912 4364 5814 7407 5164 4650 7936 5734 7255 4573 3789 1760 4398 866 -1829 557 5389 -869 -4181 564 4734 -5584 3158 -295 4714 2639 279 1684 7534 407 2177 -442 -1513 3360 4299 533 3604 -696 46 1007 3109 -9977 -1476 -6484 -3935 -7894 -7280 -4495 -5975 -8556 -5690 -6684 -7978 -8368 -2031 -3302 2826 -8904 -6330 -6774 -576 -9883 -7180 -5673 -4848 -7568 -199 -3122 -1955 -2129 73 -1409 6930 -9771 -520 -6170 -4555 -8262 -2775 -9286 -4028 -2188 -3174 -169 -7228 
9743 9211 9716 9017 8634 8837 9249 8545 8363 8115 7300 5194 6212 866 6912 4364 5814 7407 5164 4650 7936 5734 7255 4573 3789 1760 4398 -1476 -1829 557 5389 -869 -4181 564 4734 -5584 3158 -295 4714 2639 279 1684 7534 407 2177 -442 -1513 3360 4299 533 3604 -696 46 1007 3109 -9977 -7228 -6484 -3935 -7894 -7280 -4495 -5975 -8556 -5690 -6684 -7978 -8368 -2031 -3302 2826 -8904 -6330 -6774 -576 -9883 -7180 -5673 -4848 -7568 -199 -3122 -1955 -2129 73 -1409 6930 -9771 -520 -6170 -4555 -8262 -2775 -9286 -4028 -2188 -3174 -169 
9716 9211 9249 9017 8634 8837 6912 8545 8363 8115 7300 5194 6212 866 5389 4364 5814 7407 5164 4650 7936 5734 7255 4573 3789 1760 4398 -1476 -1829 557 -169 -869 -4181 564 4734 -5584 3158 -295 4714 2639 279 1684 7534 407 2177 -442 -1513 3360 4299 533 3604 -696 46 1007 3109 -9977 -7228 -6484 -3935 -7894 -7280 -4495 -5975 -8556 -5690 -6684 -7978 -8368 -2031 -3302 2826 -8904 -6330 -6774 -576 -9883 -7180 -5673 -4848 -7568 -199 -3122 -1955 -2129 73 -1409 6930 -9771 -520 -6170 -4555 -8262 -2775 -9286 -4028 -2188 -3174 
9249 9211 8837 9017 8634 6212 6912 8545 8363 8115 7300 5194 4398 866 5389 4364 5814 7407 5164 4650 7936 5734 7255 4573 3789 1760 3109 -1476 -1829 557 -169 -869 -4181 564 4734 -5584 3158 -295 4714 2639 279 1684 7534 407 2177 -442 -1513 3360 4299 533 3604 -696 46 1007 -3174 -9977 -7228 -6484 -3935 -7894 -7280 -4495 -5975 -8556 -5690 -6684 -7978 -8368 -2031 -3302 2826 -8904 -6330 -6774 -576 -9883 -7180 -5673 -4848 -7568 -199 -3122 -1955 -2129 73 -1409 6930 -9771 -520 -6170 -4555 -8262 -2775 -9286 -4028 -2188 
9211 9017 8837 8545 8634 6212 6912 5814 8363 8115 7300 5194 4398 866 5389 4364 4734 7407 5164 4650 7936 5734 7255 4573 3789 1760 3109 -1476 -1829 557 -169 -869 -4181 564 2826 -5584 3158 -295 4714 2639 279 1684 7534 407 2177 -442 -1513 3360 4299 533 3604 -696 46 1007 -3174 -9977 -7228 -6484 -3935 -7894 -7280 -4495 -5975 -8556 -5690 -6684 -7978 -8368 -2031 -3302 -2188 -8904 -6330 -6774 -576 -9883 -7180 -5673 -4848 -7568 -199 -3122 -1955 -2129 73 -1409 6930 -9771 -520 -6170 -4555 -8262 -2775 -9286 -4028 
9017 8634 8837 8545 8115 6212 6912 5814 8363 7936 7300 5194 4398 866 5389 4364 4734 7407 5164 4650 7534 5734 7255 4573 3789 1760 3109 -1476 -1829 557 -169 -869 -4181 564 2826 -5584 3158 -295 4714 2639 279 1684 6930 407 2177 -442 -1513 3360 4299 533 3604 -696 46 1007 -3174 -9977 -7228 -6484 -3935 -7894 -7280 -4495 -5975 -8556 -5690 -6684 -7978 -8368 -2031 -3302 -2188 -8904 -6330 -6774 -576 -9883 -7180 -5673 -4848 -7568 -199 -3122 -1955 -2129 73 -1409 -4028 -9771 -520 -6170 -4555 -8262 -2775 -9286 
8837 8634 6912 8545 8115 6212 5389 5814 8363 7936 7300 5194 4398 866 557 4364 4734 7407 5164 4650 7534 5734 7255 4573 3789 1760 3109 -1476 -1829 -7280 -169 -869 -4181 564 2826 -5584 3158 -295 4714 2639 279 1684 6930 407 2177 -442 -1513 3360 4299 533 3604 -696 46 1007 -3174 -9977 -7228 -6484 -3935 -7894 -9286 -4495 -5975 -8556 -5690 -6684 -7978 -8368 -2031 -3302 -2188 -8904 -6330 -6774 -576 -9883 -7180 -5673 -4848 -7568 -199 -3122 -1955 -2129 73 -1409 -4028 -9771 -520 -6170 -4555 -8262 -2775 
8634 8545 6912 8363 8115 6212 5389 5814 7407 7936 7300 5194 4398 866 557 4364 4734 3158 5164 4650 7534 5734 7255 4573 3789 1760 3109 -1476 -1829 -7280 -169 -869 -4181 564 2826 -5584 -576 -295 4714 2639 279 1684 6930 407 2177 -442 -1513 3360 4299 533 3604 -696 46 1007 -3174 -9977 -7228 -6484 -3935 -7894 -9286 -4495 -5975 -8556 -5690 -6684 -7978 -8368 -2031 -3302 -2188 -8904 -6330 -6774 -2775 -9883 -7180 -5673 -4848 -7568 -199 -3122 -1955 -2129 73 -1409 -4028 -9771 -520 -6170 -4555 -8262 
8545 8363 6912 7407 8115 6212 5389 5814 5164 7936 7300 5194 4398 866 557 4364 4734 3158 4714 4650 7534 5734 7255 4573 3789 1760 3109 -1476 -1829 -7280 -169 -869 -4181 564 2826 -5584 -576 -295 -4848 2639 279 1684 6930 407 2177 -442 -1513 3360 4299 533 3604 -696 46 1007 -3174 -9977 -7228 -6484 -3935 -7894 -9286 -4495 -5975 -8556 -5690 -6684 -7978 -8368 -2031 -3302 -2188 -8904 -6330 -6774 -2775 -9883 -7180 -5673 -8262 -7568 -199 -3122 -1955 -2129 73 -1409 -4028 -9771 -520 -6170 -4555 
8363 8115 6912 7407 7936 6212 5389 5814 5164 7534 7300 5194 4398 866 557 4364 4734 3158 4714 4650 6930 5734 7255 4573 3789 1760 3109 -1476 -1829 -7280 -169 -869 -4181 564 2826 -5584 -576 -295 -4848 2639 279 1684 -1409 407 2177 -442 -1513 3360 4299 533 3604 -696 46 1007 -3174 -9977 -7228 -6484 -3935 -7894 -9286 -4495 -5975 -8556 -5690 -6684 -7978 -8368 -2031 -3302 -2188 -8904 -6330 -6774 -2775 -9883 -7180 -5673 -8262 -7568 -199 -3122 -1955 -2129 73 -4555 -4028 -9771 -520 -6170 
8115 7936 6912 7407 7534 6212 5389 5814 5164 6930 7300 5194 4398 866 557 4364 4734 3158 4714 4650 1684 5734 7255 4573 3789 1760 3109 -1476 -1829 -7280 -169 -869 -4181 564 2826 -5584 -576 -295 -4848 2639 279 73 -1409 407 2177 -442 -1513 3360 4299 533 3604 -696 46 1007 -3174 -9977 -7228 -6484 -3935 -7894 -9286 -4495 -5975 -8556 -5690 -6684 -7978 -8368 -2031 -3302 -2188 -8904 -6330 -6774 -2775 -9883 -7180 -5673 -8262 -7568 -199 -3122 -1955 -2129 -6170 -4555 -4028 -9771 -520 
7936 7534 6912 7407 7300 6212 5389 5814 5164 6930 7255 5194 4398 866 557 4364 4734 3158 4714 4650 1684 5734 -442 4573 3789 1760 3109 -1476 -1829 -7280 -169 -869 -4181 564 2826 -5584 -576 -295 -4848 2639 279 73 -1409 407 2177 -520 -1513 3360 4299 533 3604 -696 46 1007 -3174 -9977 -7228 -6484 -3935 -7894 -9286 -4495 -5975 -8556 -5690 -6684 -7978 -8368 -2031 -3302 -2188 -8904 -6330 -6774 -2775 -9883 -7180 -5673 -8262 -7568 -199 -3122 -1955 -2129 -6170 -4555 -4028 -9771 
7534 7407 6912 5814 7300 6212 5389 4734 5164 6930 7255 5194 4398 866 557 4364 2826 3158 4714 4650 1684 5734 -442 4573 3789 1760 3109 -1476 -1829 -7280 -169 -869 -4181 564 -2188 -5584 -576 -295 -4848 2639 279 73 -1409 407 2177 -520 -1513 3360 4299 533 3604 -696 46 1007 -3174 -9977 -7228 -6484 -3935 -7894 -9286 -4495 -5975 -8556 -5690 -6684 -7978 -8368 -2031 -3302 -9771 -8904 -6330 -6774 -2775 -9883 -7180 -5673 -8262 -7568 -199 -3122 -1955 -2129 -6170 -4555 -4028 
7407 7300 6912 5814 7255 6212 5389 4734 5164 6930 5734 5194 4398 866 557 4364 2826 3158 4714 4650 1684 2177 -442 4573 3789 1760 3109 -1476 -1829 -7280 -169 -869 -4181 564 -2188 -5584 -576 -295 -4848 2639 279 73 -1409 407 -4028 -520 -1513 3360 4299 533 3604 -696 46 1007 -3174 -9977 -7228 -6484 -3935 -7894 -9286 -4495 -5975 -8556 -5690 -6684 -7978 -8368 -2031 -3302 -9771 -8904 -6330 -6774 -2775 -9883 -7180 -5673 -8262 -7568 -199 -3122 -1955 -2129 -6170 -4555 
7300 7255 6912 5814 6930 6212 5389 4734 5164 4650 5734 5194 4398 866 557 4364 2826 3158 4714 2639 1684 2177 -442 4573 3789 1760 3109 -1476 -1829 -7280 -169 -869 -4181 564 -2188 -5584 -576 -295 -4848 -199 279 73 -1409 407 -4028 -520 -1513 3360 4299 533 3604 -696 46 1007 -3174 -9977 -7228 -6484 -3935 -7894 -9286 -4495 -5975 -8556 -5690 -6684 -7978 -8368 -2031 -3302 -9771 -8904 -6330 -6774 -2775 -9883 -7180 -5673 -8262 -7568 -4555 -3122 -1955 -2129 -6170 
7255 6930 6912 5814 5734 6212 5389 4734 5164 4650 2177 5194 4398 866 557 4364 2826 3158 4714 2639 1684 407 -442 4573 3789 1760 3109 -1476 -1829 -7280 -169 -869 -4181 564 -2188 -5584 -576 -295 -4848 -199 279 73 -1409 -6170 -4028 -520 -1513 3360 4299 533 3604 -696 46 1007 -3174 -9977 -7228 -6484 -3935 -7894 -9286 -4495 -5975 -8556 -5690 -6684 -7978 -8368 -2031 -3302 -9771 -8904 -6330 -6774 -2775 -9883 -7180 -5673 -8262 -7568 -4555 -3122 -1955 -2129 
6930 5814 6912 5164 5734 6212 5389 4734 4714 4650 2177 5194 4398 866 557 4364 2826 3158 -295 2639 1684 407 -442 4573 3789 1760 3109 -1476 -1829 -7280 -169 -869 -4181 564 -2188 -5584 -576 -2129 -4848 -199 279 73 -1409 -6170 -4028 -520 -1513 3360 4299 533 3604 -696 46 1007 -3174 -9977 -7228 -6484 -3935 -7894 -9286 -4495 -5975 -8556 -5690 -6684 -7978 -8368 -2031 -3302 -9771 -8904 -6330 -6774 -2775 -9883 -7180 -5673 -8262 -7568 -4555 -3122 -1955 
6912 5814 6212 5164 5734 5194 5389 4734 4714 4650 2177 4573 4398 866 557 4364 2826 3158 -295 2639 1684 407 -442 4299 3789 1760 3109 -1476 -1829 -7280 -169 -869 -4181 564 -2188 -5584 -576 -2129 -4848 -199 279 73 -1409 -6170 -4028 -520 -1513 3360 -1955 533 3604 -696 46 1007 -3174 -9977 -7228 -6484 -3935 -7894 -9286 -4495 -5975 -8556 -5690 -6684 -7978 -8368 -2031 -3302 -9771 -8904 -6330 -6774 -2775 -9883 -7180 -5673 -8262 -7568 -4555 -3122 
6212 5814 5389 5164 5734 5194 866 4734 4714 4650 2177 4573 4398 -1476 557 4364 2826 3158 -295 2639 1684 407 -442 4299 3789 1760 3109 -3122 -1829 -7280 -169 -869 -4181 564 -2188 -5584 -576 -2129 -4848 -199 279 73 -1409 -6170 -4028 -520 -1513 3360 -1955 533 3604 -696 46 1007 -3174 -9977 -7228 -6484 -3935 -7894 -9286 -4495 -5975 -8556 -5690 -6684 -7978 -8368 -2031 -3302 -9771 -8904 -6330 -6774 -2775 -9883 -7180 -5673 -8262 -7568 -4555 
5814 5734 5389 5164 4650 5194 866 4734 4714 2639 2177 4573 4398 -1476 557 4364 2826 3158 -295 279 1684 407 -442 4299 3789 1760 3109 -3122 -1829 -7280 -169 -869 -4181 564 -2188 -5584 -576 -2129 -4848 -199 -4555 73 -1409 -6170 -4028 -520 -1513 3360 -1955 533 3604 -696 46 1007 -3174 -9977 -7228 -6484 -3935 -7894 -9286 -4495 -5975 -8556 -5690 -6684 -7978 -8368 -2031 -3302 -9771 -8904 -6330 -6774 -2775 -9883 -7180 -5673 -8262 -7568 
5734 5164 5389 4734 4650 5194 866 4364 4714 2639 2177 4573 4398 -1476 557 -869 2826 3158 -295 279 1684 407 -442 4299 3789 1760 3109 -3122 -1829 -7280 -169 -5690 -4181 564 -2188 -5584 -576 -2129 -4848 -199 -4555 73 -1409 -6170 -4028 -520 -1513 3360 -1955 533 3604 -696 46 1007 -3174 -9977 -7228 -6484 -3935 -7894 -9286 -4495 -5975 -8556 -7568 -6684 -7978 -8368 -2031 -3302 -9771 -8904 -6330 -6774 -2775 -9883 -7180 -5673 -8262 
5389 5164 5194 4734 4650 4573 866 4364 4714 2639 2177 4299 4398 -1476 557 -869 2826 3158 -295 279 1684 407 -442 3360 3789 1760 3109 -3122 -1829 -7280 -169 -5690 -4181 564 -2188 -5584 -576 -2129 -4848 -199 -4555 73 -1409 -6170 -4028 -520 -1513 -8262 -1955 533 3604 -696 46 1007 -3174 -9977 -7228 -6484 -3935 -7894 -9286 -4495 -5975 -8556 -7568 -6684 -7978 -8368 -2031 -3302 -9771 -8904 -6330 -6774 -2775 -9883 -7180 -5673 
5194 5164 4573 4734 4650 4398 866 4364 4714 2639 2177 4299 3109 -1476 557 -869 2826 3158 -295 279 1684 407 -442 3360 3789 1760 1007 -3122 -1829 -7280 -169 -5690 -4181 564 -2188 -5584 -576 -2129 -4848 -199 -4555 73 -1409 -6170 -4028 -520 -1513 -8262 -1955 533 3604 -696 46 -5673 -3174 -9977 -7228 -6484 -3935 -7894 -9286 -4495 -5975 -8556 -7568 -6684 -7978 -8368 -2031 -3302 -9771 -8904 -6330 -6774 -2775 -9883 -7180 
5164 4734 4573 4714 4650 4398 866 4364 3158 2639 2177 4299 3109 -1476 557 -869 2826 -576 -295 279 1684 407 -442 3360 3789 1760 1007 -3122 -1829 -7280 -169 -5690 -4181 564 -2188 -5584 -2775 -2129 -4848 -199 -4555 73 -1409 -6170 -4028 -520 -1513 -8262 -1955 533 3604 -696 46 -5673 -3174 -9977 -7228 -6484 -3935 -7894 -9286 -4495 -5975 -8556 -7568 -6684 -7978 -8368 -2031 -3302 -9771 -8904 -6330 -6774 -7180 -9883 
4734 4714 4573 4364 4650 4398 866 2826 3158 2639 2177 4299 3109 -1476 557 -869 564 -576 -295 279 1684 407 -442 3360 3789 1760 1007 -3122 -1829 -7280 -169 -5690 -4181 -2031 -2188 -5584 -2775 -2129 -4848 -199 -4555 73 -1409 -6170 -4028 -520 -1513 -8262 -1955 533 3604 -696 46 -5673 -3174 -9977 -7228 -6484 -3935 -7894 -9286 -4495 -5975 -8556 -7568 -6684 -7978 -8368 -9883 -3302 -9771 -8904 -6330 -6774 -7180 
4714 4650 4573 4364 2639 4398 866 2826 3158 1684 2177 4299 3109 -1476 557 -869 564 -576 -295 279 73 407 -442 3360 3789 1760 1007 -3122 -1829 -7280 -169 -5690 -4181 -2031 -2188 -5584 -2775 -2129 -4848 -199 -4555 -7180 -1409 -6170 -4028 -520 -1513 -8262 -1955 533 3604 -696 46 -5673 -3174 -9977 -7228 -6484 -3935 -7894 -9286 -4495 -5975 -8556 -7568 -6684 -7978 -8368 -9883 -3302 -9771 -8904 -6330 -6774 
4650 4364 4573 3158 2639 4398 866 2826 -295 1684 2177 4299 3109 -1476 557 -869 564 -576 -2129 279 73 407 -442 3360 3789 1760 1007 -3122 -1829 -7280 -169 -5690 -4181 -2031 -2188 -5584 -2775 -6774 -4848 -199 -4555 -7180 -1409 -6170 -4028 -520 -1513 -8262 -1955 533 3604 -696 46 -5673 -3174 -9977 -7228 -6484 -3935 -7894 -9286 -4495 -5975 -8556 -7568 -6684 -7978 -8368 -9883 -3302 -9771 -8904 -6330 
4573 4364 4398 3158 2639 4299 866 2826 -295 1684 2177 3789 3109 -1476 557 -869 564 -576 -2129 279 73 407 -442 3360 3604 1760 1007 -3122 -1829 -7280 -169 -5690 -4181 -2031 -2188 -5584 -2775 -6774 -4848 -199 -4555 -7180 -1409 -6170 -4028 -520 -1513 -8262 -1955 533 -6330 -696 46 -5673 -3174 -9977 -7228 -6484 -3935 -7894 -9286 -4495 -5975 -8556 -7568 -6684 -7978 -8368 -9883 -3302 -9771 -8904 
4398 4364 4299 3158 2639 3789 866 2826 -295 1684 2177 3604 3109 -1476 557 -869 564 -576 -2129 279 73 407 -442 3360 533 1760 1007 -3122 -1829 -7280 -169 -5690 -4181 -2031 -2188 -5584 -2775 -6774 -4848 -199 -4555 -7180 -1409 -6170 -4028 -520 -1513 -8262 -1955 -8904 -6330 -696 46 -5673 -3174 -9977 -7228 -6484 -3935 -7894 -9286 -4495 -5975 -8556 -7568 -6684 -7978 -8368 -9883 -3302 -9771 
4364 3158 4299 2826 2639 3789 866 564 -295 1684 2177 3604 3109 -1476 557 -869 -2031 -576 -2129 279 73 407 -442 3360 533 1760 1007 -3122 -1829 -7280 -169 -5690 -4181 -8368 -2188 -5584 -2775 -6774 -4848 -199 -4555 -7180 -1409 -6170 -4028 -520 -1513 -8262 -1955 -8904 -6330 -696 46 -5673 -3174 -9977 -7228 -6484 -3935 -7894 -9286 -4495 -5975 -8556 -7568 -6684 -7978 -9771 -9883 -3302 
4299 3158 3789 2826 2639 3604 866 564 -295 1684 2177 3360 3109 -1476 557 -869 -2031 -576 -2129 279 73 407 -442 -1955 533 1760 1007 -3122 -1829 -7280 -169 -5690 -4181 -8368 -2188 -5584 -2775 -6774 -4848 -199 -4555 -7180 -1409 -6170 -4028 -520 -1513 -8262 -3302 -8904 -6330 -696 46 -5673 -3174 -9977 -7228 -6484 -3935 -7894 -9286 -4495 -5975 -8556 -7568 -6684 -7978 -9771 -9883 
3789 3158 3604 2826 2639 3360 866 564 -295 1684 2177 533 3109 -1476 557 -869 -2031 -576 -2129 279 73 407 -442 -1955 -6330 1760 1007 -3122 -1829 -7280 -169 -5690 -4181 -8368 -2188 -5584 -2775 -6774 -4848 -199 -4555 -7180 -1409 -6170 -4028 -520 -1513 -8262 -3302 -8904 -9883 -696 46 -5673 -3174 -9977 -7228 -6484 -3935 -7894 -9286 -4495 -5975 -8556 -7568 -6684 -7978 -9771 
3604 3158 3360 2826 2639 3109 866 564 -295 1684 2177 533 1760 -1476 557 -869 -2031 -576 -2129 279 73 407 -442 -1955 -6330 46 1007 -3122 -1829 -7280 -169 -5690 -4181 -8368 -2188 -5584 -2775 -6774 -4848 -199 -4555 -7180 -1409 -6170 -4028 -520 -1513 -8262 -3302 -8904 -9883 -696 -9771 -5673 -3174 -9977 -7228 -6484 -3935 -7894 -9286 -4495 -5975 -8556 -7568 -6684 -7978 
3360 3158 3109 2826 2639 1760 866 564 -295 1684 2177 533 1007 -1476 557 -869 -2031 -576 -2129 279 73 407 -442 -1955 -6330 46 -3174 -3122 -1829 -7280 -169 -5690 -4181 -8368 -2188 -5584 -2775 -6774 -4848 -199 -4555 -7180 -1409 -6170 -4028 -520 -1513 -8262 -3302 -8904 -9883 -696 -9771 -5673 -7978 -9977 -7228 -6484 -3935 -7894 -9286 -4495 -5975 -8556 -7568 -6684 
3158 2826 3109 564 2639 1760 866 -869 -295 1684 2177 533 1007 -1476 557 -4181 -2031 -576 -2129 279 73 407 -442 -1955 -6330 46 -3174 -3122 -1829 -7280 -169 -5690 -6684 -8368 -2188 -5584 -2775 -6774 -4848 -199 -4555 -7180 -1409 -6170 -4028 -520 -1513 -8262 -3302 -8904 -9883 -696 -9771 -5673 -7978 -9977 -7228 -6484 -3935 -7894 -9286 -4495 -5975 -8556 -7568 
3109 2826 1760 564 2639 1007 866 -869 -295 1684 2177 533 46 -1476 557 -4181 -2031 -576 -2129 279 73 407 -442 -1955 -6330 -696 -3174 -3122 -1829 -7280 -169 -5690 -6684 -8368 -2188 -5584 -2775 -6774 -4848 -199 -4555 -7180 -1409 -6170 -4028 -520 -1513 -8262 -3302 -8904 -9883 -7568 -9771 -5673 -7978 -9977 -7228 -6484 -3935 -7894 -9286 -4495 -5975 -8556 
2826 2639 1760 564 2177 1007 866 -869 -295 1684 407 533 46 -1476 557 -4181 -2031 -576 -2129 279 73 -4028 -442 -1955 -6330 -696 -3174 -3122 -1829 -7280 -169 -5690 -6684 -8368 -2188 -5584 -2775 -6774 -4848 -199 -4555 -7180 -1409 -6170 -8556 -520 -1513 -8262 -3302 -8904 -9883 -7568 -9771 -5673 -7978 -9977 -7228 -6484 -3935 -7894 -9286 -4495 -5975 
2639 2177 1760 564 1684 1007 866 -869 -295 279 407 533 46 -1476 557 -4181 -2031 -576 -2129 -199 73 -4028 -442 -1955 -6330 -696 -3174 -3122 -1829 -7280 -169 -5690 -6684 -8368 -2188 -5584 -2775 -6774 -4848 -5975 -4555 -7180 -1409 -6170 -8556 -520 -1513 -8262 -3302 -8904 -9883 -7568 -9771 -5673 -7978 -9977 -7228 -6484 -3935 -7894 -9286 -4495 
2177 1684 1760 564 407 1007 866 -869 -295 279 -442 533 46 -1476 557 -4181 -2031 -576 -2129 -199 73 -4028 -520 -1955 -6330 -696 -3174 -3122 -1829 -7280 -169 -5690 -6684 -8368 -2188 -5584 -2775 -6774 -4848 -5975 -4555 -7180 -1409 -6170 -8556 -4495 -1513 -8262 -3302 -8904 -9883 -7568 -9771 -5673 -7978 -9977 -7228 -6484 -3935 -7894 -9286 
1760 1684 1007 564 407 533 866 -869 -295 279 -442 -1955 46 -1476 557 -4181 -2031 -576 -2129 -199 73 -4028 -520 -3302 -6330 -696 -3174 -3122 -1829 -7280 -169 -5690 -6684 -8368 -2188 -5584 -2775 -6774 -4848 -5975 -4555 -7180 -1409 -6170 -8556 -4495 -1513 -8262 -9286 -8904 -9883 -7568 -9771 -5673 -7978 -9977 -7228 -6484 -3935 -7894 
1684 564 1007 -295 407 533 866 -869 -576 279 -442 -1955 46 -1476 557 -4181 -2031 -2775 -2129 -199 73 -4028 -520 -3302 -6330 -696 -3174 -3122 -1829 -7280 -169 -5690 -6684 -8368 -2188 -5584 -7894 -6774 -4848 -5975 -4555 -7180 -1409 -6170 -8556 -4495 -1513 -8262 -9286 -8904 -9883 -7568 -9771 -5673 -7978 -9977 -7228 -6484 -3935 
1007 564 866 -295 407 533 557 -869 -576 279 -442 -1955 46 -1476 -169 -4181 -2031 -2775 -2129 -199 73 -4028 -520 -3302 -6330 -696 -3174 -3122 -1829 -7280 -3935 -5690 -6684 -8368 -2188 -5584 -7894 -6774 -4848 -5975 -4555 -7180 -1409 -6170 -8556 -4495 -1513 -8262 -9286 -8904 -9883 -7568 -9771 -5673 -7978 -9977 -7228 -6484 
866 564 557 -295 407 533 -169 -869 -576 279 -442 -1955 46 -1476 -3935 -4181 -2031 -2775 -2129 -199 73 -4028 -520 -3302 -6330 -696 -3174 -3122 -1829 -7280 -6484 -5690 -6684 -8368 -2188 -5584 -7894 -6774 -4848 -5975 -4555 -7180 -1409 -6170 -8556 -4495 -1513 -8262 -9286 -8904 -9883 -7568 -9771 -5673 -7978 -9977 -7228 
564 407 557 -295 279 533 -169 -869 -576 73 -442 -1955 46 -1476 -3935 -4181 -2031 -2775 -2129 -199 -1409 -4028 -520 -3302 -6330 -696 -3174 -3122 -1829 -7280 -6484 -5690 -6684 -8368 -2188 -5584 -7894 -6774 -4848 -5975 -4555 -7180 -7228 -6170 -8556 -4495 -1513 -8262 -9286 -8904 -9883 -7568 -9771 -5673 -7978 -9977 
557 407 533 -295 279 46 -169 -869 -576 73 -442 -1955 -696 -1476 -3935 -4181 -2031 -2775 -2129 -199 -1409 -4028 -520 -3302 -6330 -7568 -3174 -3122 -1829 -7280 -6484 -5690 -6684 -8368 -2188 -5584 -7894 -6774 -4848 -5975 -4555 -7180 -7228 -6170 -8556 -4495 -1513 -8262 -9286 -8904 -9883 -9977 -9771 -5673 -7978 
533 407 46 -295 279 -696 -169 -869 -576 73 -442 -1955 -3174 -1476 -3935 -4181 -2031 -2775 -2129 -199 -1409 -4028 -520 -3302 -6330 -7568 -5673 -3122 -1829 -7280 -6484 -5690 -6684 -8368 -2188 -5584 -7894 -6774 -4848 -5975 -4555 -7180 -7228 -6170 -8556 -4495 -1513 -8262 -9286 -8904 -9883 -9977 -9771 -7978 
407 279 46 -295 73 -696 -169 -869 -576 -199 -442 -1955 -3174 -1476 -3935 -4181 -2031 -2775 -2129 -4555 -1409 -4028 -520 -3302 -6330 -7568 -5673 -3122 -1829 -7280 -6484 -5690 -6684 -8368 -2188 -5584 -7894 -6774 -4848 -5975 -7978 -7180 -7228 -6170 -8556 -4495 -1513 -8262 -9286 -8904 -9883 -9977 -9771 
279 73 46 -295 -199 -696 -169 -869 -576 -1409 -442 -1955 -3174 -1476 -3935 -4181 -2031 -2775 -2129 -4555 -7180 -4028 -520 -3302 -6330 -7568 -5673 -3122 -1829 -7280 -6484 -5690 -6684 -8368 -2188 -5584 -7894 -6774 -4848 -5975 -7978 -9771 -7228 -6170 -8556 -4495 -1513 -8262 -9286 -8904 -9883 -9977 
73 -199 46 -295 -442 -696 -169 -869 -576 -1409 -520 -1955 -3174 -1476 -3935 -4181 -2031 -2775 -2129 -4555 -7180 -4028 -1513 -3302 -6330 -7568 -5673 -3122 -1829 -7280 -6484 -5690 -6684 -8368 -2188 -5584 -7894 -6774 -4848 -5975 -7978 -9771 -7228 -6170 -8556 -4495 -9977 -8262 -9286 -8904 -9883 
46 -199 -169 -295 -442 -696 -1476 -869 -576 -1409 -520 -1955 -3174 -1829 -3935 -4181 -2031 -2775 -2129 -4555 -7180 -4028 -1513 -3302 -6330 -7568 -5673 -3122 -9883 -7280 -6484 -5690 -6684 -8368 -2188 -5584 -7894 -6774 -4848 -5975 -7978 -9771 -7228 -6170 -8556 -4495 -9977 -8262 -9286 -8904 
-169 -199 -696 -295 -442 -1955 -1476 -869 -576 -1409 -520 -3302 -3174 -1829 -3935 -4181 -2031 -2775 -2129 -4555 -7180 -4028 -1513 -8262 -6330 -7568 -5673 -3122 -9883 -7280 -6484 -5690 -6684 -8368 -2188 -5584 -7894 -6774 -4848 -5975 -7978 -9771 -7228 -6170 -8556 -4495 -9977 -8904 -9286 
-199 -295 -696 -576 -442 -1955 -1476 -869 -2129 -1409 -520 -3302 -3174 -1829 -3935 -4181 -2031 -2775 -4848 -4555 -7180 -4028 -1513 -8262 -6330 -7568 -5673 -3122 -9883 -7280 -6484 -5690 -6684 -8368 -2188 -5584 -7894 -6774 -9286 -5975 -7978 -9771 -7228 -6170 -8556 -4495 -9977 -8904 
-295 -442 -696 -576 -520 -1955 -1476 -869 -2129 -1409 -1513 -3302 -3174 -1829 -3935 -4181 -2031 -2775 -4848 -4555 -7180 -4028 -4495 -8262 -6330 -7568 -5673 -3122 -9883 -7280 -6484 -5690 -6684 -8368 -2188 -5584 -7894 -6774 -9286 -5975 -7978 -9771 -7228 -6170 -8556 -8904 -9977 
-442 -520 -696 -576 -1409 -1955 -1476 -869 -2129 -4555 -1513 -3302 -3174 -1829 -3935 -4181 -2031 -2775 -4848 -5975 -7180 -4028 -4495 -8262 -6330 -7568 -5673 -3122 -9883 -7280 -6484 -5690 -6684 -8368 -2188 -5584 -7894 -6774 -9286 -9977 -7978 -9771 -7228 -6170 -8556 -8904 
-520 -576 -696 -869 -1409 -1955 -1476 -2031 -2129 -4555 -1513 -3302 -3174 -1829 -3935 -4181 -2188 -2775 -4848 -5975 -7180 -4028 -4495 -8262 -6330 -7568 -5673 -3122 -9883 -7280 -6484 -5690 -6684 -8368 -8904 -5584 -7894 -6774 -9286 -9977 -7978 -9771 -7228 -6170 -8556 
-576 -869 -696 -2031 -1409 -1955 -1476 -2188 -2129 -4555 -1513 -3302 -3174 -1829 -3935 -4181 -8368 -2775 -4848 -5975 -7180 -4028 -4495 -8262 -6330 -7568 -5673 -3122 -9883 -7280 -6484 -5690 -6684 -8556 -8904 -5584 -7894 -6774 -9286 -9977 -7978 -9771 -7228 -6170 
-696 -869 -1476 -2031 -1409 -1955 -1829 -2188 -2129 -4555 -1513 -3302 -3174 -3122 -3935 -4181 -8368 -2775 -4848 -5975 -7180 -4028 -4495 -8262 -6330 -7568 -5673 -6170 -9883 -7280 -6484 -5690 -6684 -8556 -8904 -5584 -7894 -6774 -9286 -9977 -7978 -9771 -7228 
-869 -1409 -1476 -2031 -1513 -1955 -1829 -2188 -2129 -4555 -4028 -3302 -3174 -3122 -3935 -4181 -8368 -2775 -4848 -5975 -7180 -7228 -4495 -8262 -6330 -7568 -5673 -6170 -9883 -7280 -6484 -5690 -6684 -8556 -8904 -5584 -7894 -6774 -9286 -9977 -7978 -9771 
-1409 -1513 -1476 -2031 -4028 -1955 -1829 -2188 -2129 -4555 -4495 -3302 -3174 -3122 -3935 -4181 -8368 -2775 -4848 -5975 -7180 -7228 -9771 -8262 -6330 -7568 -5673 -6170 -9883 -7280 -6484 -5690 -6684 -8556 -8904 -5584 -7894 -6774 -9286 -9977 -7978 
-1476 -1513 -1829 -2031 -4028 -1955 -3122 -2188 -2129 -4555 -4495 -3302 -3174 -6170 -3935 -4181 -8368 -2775 -4848 -5975 -7180 -7228 -9771 -8262 -6330 -7568 -5673 -7978 -9883 -7280 -6484 -5690 -6684 -8556 -8904 -5584 -7894 -6774 -9286 -9977 
-1513 -2031 -1829 -2129 -4028 -1955 -3122 -2188 -2775 -4555 -4495 -3302 -3174 -6170 -3935 -4181 -8368 -5584 -4848 -5975 -7180 -7228 -9771 -8262 -6330 -7568 -5673 -7978 -9883 -7280 -6484 -5690 -6684 -8556 -8904 -9977 -7894 -6774 -9286 
-1829 -2031 -1955 -2129 -4028 -3174 -3122 -2188 -2775 -4555 -4495 -3302 -5673 -6170 -3935 -4181 -8368 -5584 -4848 -5975 -7180 -7228 -9771 -8262 -6330 -7568 -9286 -7978 -9883 -7280 -6484 -5690 -6684 -8556 -8904 -9977 -7894 -6774 
-1955 -2031 -3122 -2129 -4028 -3174 -3935 -2188 -2775 -4555 -4495 -3302 -5673 -6170 -6484 -4181 -8368 -5584 -4848 -5975 -7180 -7228 -9771 -8262 -6330 -7568 -9286 -7978 -9883 -7280 -6774 -5690 -6684 -8556 -8904 -9977 -7894 
-2031 -2129 -3122 -2188 -4028 -3174 -3935 -4181 -2775 -4555 -4495 -3302 -5673 -6170 -6484 -5690 -8368 -5584 -4848 -5975 -7180 -7228 -9771 -8262 -6330 -7568 -9286 -7978 -9883 -7280 -6774 -7894 -6684 -8556 -8904 -9977 
-2129 -2188 -3122 -2775 -4028 -3174 -3935 -4181 -4848 -4555 -4495 -3302 -5673 -6170 -6484 -5690 -8368 -5584 -9977 -5975 -7180 -7228 -9771 -8262 -6330 -7568 -9286 -7978 -9883 -7280 -6774 -7894 -6684 -8556 -8904 
-2188 -2775 -3122 -4181 -4028 -3174 -3935 -5690 -4848 -4555 -4495 -3302 -5673 -6170 -6484 -6684 -8368 -5584 -9977 -5975 -7180 -7228 -9771 -8262 -6330 -7568 -9286 -7978 -9883 -7280 -6774 -7894 -8904 -8556 
-2775 -4028 -3122 -4181 -4495 -3174 -3935 -5690 -4848 -4555 -7228 -3302 -5673 -6170 -6484 -6684 -8368 -5584 -9977 -5975 -7180 -8556 -9771 -8262 -6330 -7568 -9286 -7978 -9883 -7280 -6774 -7894 -8904 
-3122 -4028 -3174 -4181 -4495 -3302 -3935 -5690 -4848 -4555 -7228 -6330 -5673 -6170 -6484 -6684 -8368 -5584 -9977 -5975 -7180 -8556 -9771 -8262 -8904 -7568 -9286 -7978 -9883 -7280 -6774 -7894 
-3174 -4028 -3302 -4181 -4495 -5673 -3935 -5690 -4848 -4555 -7228 -6330 -7568 -6170 -6484 -6684 -8368 -5584 -9977 -5975 -7180 -8556 -9771 -8262 -8904 -7894 -9286 -7978 -9883 -7280 -6774 
-3302 -4028 -3935 -4181 -4495 -5673 -6170 -5690 -4848 -4555 -7228 -6330 -7568 -6774 -6484 -6684 -8368 -5584 -9977 -5975 -7180 -8556 -9771 -8262 -8904 -7894 -9286 -7978 -9883 -7280 
-3935 -4028 -5673 -4181 -4495 -6330 -6170 -5690 -4848 -4555 -7228 -7280 -7568 -6774 -6484 -6684 -8368 -5584 -9977 -5975 -7180 -8556 -9771 -8262 -8904 -7894 -9286 -7978 -9883 
-4028 -4181 -5673 -4848 -4495 -6330 -6170 -5690 -5584 -4555 -7228 -7280 -7568 -6774 -6484 -6684 -8368 -9883 -9977 -5975 -7180 -8556 -9771 -8262 -8904 -7894 -9286 -7978 
-4181 -4495 -5673 -4848 -4555 -6330 -6170 -5690 -5584 -5975 -7228 -7280 -7568 -6774 -6484 -6684 -8368 -9883 -9977 -7978 -7180 -8556 -9771 -8262 -8904 -7894 -9286 
-4495 -4555 -5673 -4848 -5975 -6330 -6170 -5690 -5584 -7180 -7228 -7280 -7568 -6774 -6484 -6684 -8368 -9883 -9977 -7978 -9286 -8556 -9771 -8262 -8904 -7894 
-4555 -4848 -5673 -5584 -5975 -6330 -6170 -5690 -7894 -7180 -7228 -7280 -7568 -6774 -6484 -6684 -8368 -9883 -9977 -7978 -9286 -8556 -9771 -8262 -8904 
-4848 -5584 -5673 -5690 -5975 -6330 -6170 -6684 -7894 -7180 -7228 -7280 -7568 -6774 -6484 -8904 -8368 -9883 -9977 -7978 -9286 -8556 -9771 -8262 
-5584 -5690 -5673 -6684 -5975 -6330 -6170 -8262 -7894 -7180 -7228 -7280 -7568 -6774 -6484 -8904 -8368 -9883 -9977 -7978 -9286 -8556 -9771 
-5673 -5690 -6170 -6684 -5975 -6330 -6484 -8262 -7894 -7180 -7228 -7280 -7568 -6774 -9771 -8904 -8368 -9883 -9977 -7978 -9286 -8556 
-5690 -5975 -6170 -6684 -7180 -6330 -6484 -8262 -7894 -7978 -7228 -7280 -7568 -6774 -9771 -8904 -8368 -9883 -9977 -8556 -9286 
-5975 -6684 -6170 -7894 -7180 -6330 -6484 -8262 -9286 -7978 -7228 -7280 -7568 -6774 -9771 -8904 -8368 -9883 -9977 -8556 
-6170 -6684 -6330 -7894 -7180 -7280 -6484 -8262 -9286 -7978 -7228 -8556 -7568 -6774 -9771 -8904 -8368 -9883 -9977 
-6330 -6684 -6484 -7894 -7180 -7280 -6774 -8262 -9286 -7978 -7228 -8556 -7568 -9977 -9771 -8904 -8368 -9883 
-6484 -6684 -6774 -7894 -7180 -7280 -9771 -8262 -9286 -7978 -7228 -8556 -7568 -9977 -9883 -8904 -8368 
-6684 -7180 -6774 -7894 -7228 -7280 -9771 -8262 -9286 -7978 -8368 -8556 -7568 -9977 -9883 -8904 
-6774 -7180 -7280 -7894 -7228 -7568 -9771 -8262 -9286 -7978 -8368 -8556 -8904 -9977 -9883 
-7180 -7228 -7280 -7894 -7978 -7568 -9771 -8262 -9286 -9883 -8368 -8556 -8904 -9977 
-7228 -7894 -7280 -8262 -7978 -7568 -9771 -9977 -9286 -9883 -8368 -8556 -8904 
-7280 -7894 -7568 -8262 -7978 -8556 -9771 -9977 -9286 -9883 -8368 -8904 
-7568 -7894 -8556 -8262 -7978 -8904 -9771 -9977 -9286 -9883 -8368 
-7894 -7978 -8556 -8262 -8368 -8904 -9771 -9977 -9286 -9883 
-7978 -8262 -8556 -9286 -8368 -8904 -9771 -9977 -9883 
-8262 -8368 -8556 -9286 -9883 -8904 -9771 -9977 
-8368 -9286 -8556 -9977 -9883 -8904 -9771 
-8556 -9286 -8904 -9977 -9883 -9771 
-8904 -9286 -9771 -9977 -9883 
-9286 -9883 -9771 -9977 
-9771 -9883 -9977 
-9883 -9977 
-9977 -9883 -9771 -9286 -8904 -8556 -8368 -8262 -7978 -7894 -7568 -7280 -7228 -7180 -6774 -6684 -6484 -6330 -6170 -5975 -5690 -5673 -5584 -4848 -4555 -4495 -4181 -4028 -3935 -3302 -3174 -3122 -2775 -2188 -2129 -2031 -1955 -1829 -1513 -1476 -1409 -869 -696 -576 -520 -442 -295 -199 -169 46 73 279 407 533 557 564 866 1007 1684 1760 2177 2639 2826 3109 3158 3360 3604 3789 4299 4364 4398 4573 4650 4714 4734 5164 5194 5389 5734 5814 6212 6912 6930 7255 7300 7407 7534 7936 8115 8363 8545 8634 8837 9017 9211 9249 9716 9743 9856 1000000000 

2 1 
1 2 

8 7 5 1 3 
7 3 5 1 
5 3 1 
3 1 
1 3 5 7 8 

5 
5 

0 
0 




